<?xml version="1.0" encoding="UTF-8"?>
<coverage generated="1778211578164" clover="3.2.0">
  <project timestamp="1778211578164" name="All files">
    <metrics statements="493" coveredstatements="419" conditionals="404" coveredconditionals="281" methods="166" coveredmethods="119" elements="1063" coveredelements="819" complexity="0" loc="493" ncloc="493" packages="5" files="22" classes="22"/>
    <package name="frontend">
      <metrics statements="12" coveredstatements="10" conditionals="4" coveredconditionals="2" methods="3" coveredmethods="3"/>
      <file name="App.tsx" path="/home/ghost/Desktop/Projects/Sanchari/frontend/App.tsx">
        <metrics statements="12" coveredstatements="10" conditionals="4" coveredconditionals="2" methods="3" coveredmethods="3"/>
        <line num="9" count="1" type="cond" truecount="1" falsecount="1"/>
        <line num="10" count="0" type="stmt"/>
        <line num="30" count="1" type="stmt"/>
        <line num="31" count="1" type="cond" truecount="1" falsecount="1"/>
        <line num="33" count="1" type="stmt"/>
        <line num="46" count="1" type="stmt"/>
        <line num="47" count="1" type="stmt"/>
        <line num="48" count="1" type="stmt"/>
        <line num="49" count="1" type="stmt"/>
        <line num="51" count="0" type="stmt"/>
        <line num="55" count="1" type="stmt"/>
        <line num="70" count="1" type="stmt"/>
      </file>
    </package>
    <package name="frontend.src.api">
      <metrics statements="22" coveredstatements="6" conditionals="6" coveredconditionals="6" methods="16" coveredmethods="0"/>
      <file name="constants.ts" path="/home/ghost/Desktop/Projects/Sanchari/frontend/src/api/constants.ts">
        <metrics statements="22" coveredstatements="6" conditionals="6" coveredconditionals="6" methods="16" coveredmethods="0"/>
        <line num="12" count="1" type="stmt"/>
        <line num="19" count="1" type="stmt"/>
        <line num="32" count="1" type="stmt"/>
        <line num="45" count="0" type="stmt"/>
        <line num="59" count="0" type="stmt"/>
        <line num="60" count="0" type="stmt"/>
        <line num="61" count="0" type="stmt"/>
        <line num="71" count="0" type="stmt"/>
        <line num="72" count="0" type="stmt"/>
        <line num="73" count="0" type="stmt"/>
        <line num="74" count="0" type="stmt"/>
        <line num="87" count="0" type="stmt"/>
        <line num="88" count="0" type="stmt"/>
        <line num="94" count="0" type="stmt"/>
        <line num="112" count="0" type="stmt"/>
        <line num="135" count="0" type="stmt"/>
        <line num="136" count="0" type="stmt"/>
        <line num="137" count="0" type="stmt"/>
        <line num="138" count="0" type="stmt"/>
        <line num="143" count="1" type="stmt"/>
        <line num="159" count="1" type="stmt"/>
        <line num="171" count="1" type="stmt"/>
      </file>
    </package>
    <package name="frontend.src.components">
      <metrics statements="422" coveredstatements="379" conditionals="372" coveredconditionals="268" methods="138" coveredmethods="111"/>
      <file name="AnimatedDot.tsx" path="/home/ghost/Desktop/Projects/Sanchari/frontend/src/components/AnimatedDot.tsx">
        <metrics statements="9" coveredstatements="9" conditionals="3" coveredconditionals="3" methods="3" coveredmethods="2"/>
        <line num="31" count="1" type="stmt"/>
        <line num="32" count="1" type="stmt"/>
        <line num="34" count="1" type="stmt"/>
        <line num="35" count="1" type="stmt"/>
        <line num="36" count="1" type="stmt"/>
        <line num="46" count="1" type="stmt"/>
        <line num="58" count="1" type="stmt"/>
        <line num="63" count="1" type="stmt"/>
        <line num="80" count="1" type="stmt"/>
      </file>
      <file name="AppText.tsx" path="/home/ghost/Desktop/Projects/Sanchari/frontend/src/components/AppText.tsx">
        <metrics statements="26" coveredstatements="15" conditionals="19" coveredconditionals="10" methods="8" coveredmethods="2"/>
        <line num="38" count="2" type="cond" truecount="1" falsecount="5"/>
        <line num="39" count="2" type="stmt"/>
        <line num="40" count="0" type="stmt"/>
        <line num="41" count="0" type="stmt"/>
        <line num="42" count="0" type="stmt"/>
        <line num="43" count="0" type="stmt"/>
        <line num="44" count="0" type="stmt"/>
        <line num="60" count="2" type="stmt"/>
        <line num="62" count="2" type="cond" truecount="3" falsecount="1"/>
        <line num="63" count="2" type="cond" truecount="1" falsecount="1"/>
        <line num="64" count="2" type="stmt"/>
        <line num="65" count="2" type="stmt"/>
        <line num="67" count="2" type="stmt"/>
        <line num="86" count="1" type="stmt"/>
        <line num="87" count="0" type="stmt"/>
        <line num="90" count="1" type="stmt"/>
        <line num="91" count="0" type="stmt"/>
        <line num="94" count="1" type="stmt"/>
        <line num="95" count="0" type="stmt"/>
        <line num="98" count="1" type="stmt"/>
        <line num="99" count="0" type="stmt"/>
        <line num="102" count="1" type="stmt"/>
        <line num="103" count="0" type="stmt"/>
        <line num="106" count="1" type="stmt"/>
        <line num="107" count="0" type="stmt"/>
        <line num="112" count="1" type="stmt"/>
      </file>
      <file name="BackButton.tsx" path="/home/ghost/Desktop/Projects/Sanchari/frontend/src/components/BackButton.tsx">
        <metrics statements="8" coveredstatements="8" conditionals="2" coveredconditionals="2" methods="2" coveredmethods="2"/>
        <line num="22" count="3" type="stmt"/>
        <line num="23" count="3" type="stmt"/>
        <line num="25" count="3" type="stmt"/>
        <line num="26" count="2" type="cond" truecount="2" falsecount="0"/>
        <line num="27" count="1" type="stmt"/>
        <line num="29" count="1" type="stmt"/>
        <line num="33" count="3" type="stmt"/>
        <line num="56" count="1" type="stmt"/>
      </file>
      <file name="BottomNav.tsx" path="/home/ghost/Desktop/Projects/Sanchari/frontend/src/components/BottomNav.tsx">
        <metrics statements="43" coveredstatements="41" conditionals="34" coveredconditionals="16" methods="17" coveredmethods="15"/>
        <line num="28" count="1" type="stmt"/>
        <line num="45" count="1" type="stmt"/>
        <line num="46" count="3" type="stmt"/>
        <line num="56" count="1" type="stmt"/>
        <line num="57" count="3" type="stmt"/>
        <line num="67" count="1" type="stmt"/>
        <line num="68" count="3" type="stmt"/>
        <line num="78" count="1" type="stmt"/>
        <line num="79" count="3" type="stmt"/>
        <line num="89" count="1" type="stmt"/>
        <line num="90" count="3" type="stmt"/>
        <line num="100" count="1" type="stmt"/>
        <line num="101" count="0" type="stmt"/>
        <line num="111" count="1" type="stmt"/>
        <line num="112" count="0" type="stmt"/>
        <line num="124" count="1" type="stmt"/>
        <line num="132" count="1" type="stmt"/>
        <line num="152" count="15" type="stmt"/>
        <line num="154" count="15" type="stmt"/>
        <line num="155" count="1" type="stmt"/>
        <line num="163" count="15" type="stmt"/>
        <line num="164" count="1" type="stmt"/>
        <line num="172" count="15" type="stmt"/>
        <line num="219" count="3" type="stmt"/>
        <line num="220" count="3" type="stmt"/>
        <line num="221" count="3" type="stmt"/>
        <line num="222" count="3" type="cond" truecount="1" falsecount="1"/>
        <line num="223" count="3" type="stmt"/>
        <line num="227" count="3" type="stmt"/>
        <line num="228" count="3" type="stmt"/>
        <line num="229" count="3" type="stmt"/>
        <line num="231" count="3" type="stmt"/>
        <line num="235" count="3" type="stmt"/>
        <line num="236" count="3" type="stmt"/>
        <line num="237" count="3" type="stmt"/>
        <line num="245" count="3" type="stmt"/>
        <line num="247" count="1" type="stmt"/>
        <line num="248" count="1" type="stmt"/>
        <line num="249" count="1" type="stmt"/>
        <line num="254" count="3" type="stmt"/>
        <line num="282" count="15" type="stmt"/>
        <line num="286" count="1" type="stmt"/>
        <line num="298" count="1" type="stmt"/>
      </file>
      <file name="ClockTimePicker.tsx" path="/home/ghost/Desktop/Projects/Sanchari/frontend/src/components/ClockTimePicker.tsx">
        <metrics statements="57" coveredstatements="57" conditionals="42" coveredconditionals="37" methods="16" coveredmethods="16"/>
        <line num="30" count="1" type="stmt"/>
        <line num="31" count="1" type="stmt"/>
        <line num="32" count="1" type="stmt"/>
        <line num="33" count="1" type="stmt"/>
        <line num="34" count="1" type="stmt"/>
        <line num="35" count="1" type="stmt"/>
        <line num="38" count="1" type="stmt"/>
        <line num="39" count="1" type="stmt"/>
        <line num="45" count="2" type="stmt"/>
        <line num="46" count="2" type="stmt"/>
        <line num="51" count="286" type="stmt"/>
        <line num="52" count="286" type="stmt"/>
        <line num="61" count="7" type="cond" truecount="0" falsecount="2"/>
        <line num="62" count="7" type="stmt"/>
        <line num="63" count="7" type="stmt"/>
        <line num="64" count="7" type="stmt"/>
        <line num="88" count="22" type="stmt"/>
        <line num="90" count="22" type="stmt"/>
        <line num="91" count="22" type="stmt"/>
        <line num="92" count="22" type="stmt"/>
        <line num="93" count="22" type="stmt"/>
        <line num="96" count="22" type="stmt"/>
        <line num="97" count="7" type="cond" truecount="1" falsecount="1"/>
        <line num="98" count="7" type="stmt"/>
        <line num="99" count="7" type="stmt"/>
        <line num="100" count="7" type="stmt"/>
        <line num="101" count="7" type="stmt"/>
        <line num="102" count="7" type="stmt"/>
        <line num="108" count="22" type="stmt"/>
        <line num="109" count="2" type="stmt"/>
        <line num="110" count="2" type="stmt"/>
        <line num="111" count="2" type="cond" truecount="2" falsecount="0"/>
        <line num="112" count="1" type="stmt"/>
        <line num="114" count="1" type="stmt"/>
        <line num="119" count="22" type="stmt"/>
        <line num="120" count="1" type="cond" truecount="1" falsecount="1"/>
        <line num="125" count="22" type="stmt"/>
        <line num="126" count="3" type="stmt"/>
        <line num="127" count="3" type="cond" truecount="4" falsecount="0"/>
        <line num="128" count="3" type="cond" truecount="4" falsecount="0"/>
        <line num="129" count="3" type="stmt"/>
        <line num="136" count="22" type="cond" truecount="2" falsecount="0"/>
        <line num="139" count="22" type="stmt"/>
        <line num="141" count="22" type="stmt"/>
        <line num="142" count="22" type="stmt"/>
        <line num="146" count="22" type="stmt"/>
        <line num="163" count="1" type="stmt"/>
        <line num="175" count="2" type="stmt"/>
        <line num="188" count="1" type="stmt"/>
        <line num="195" count="2" type="stmt"/>
        <line num="227" count="228" type="stmt"/>
        <line num="228" count="228" type="stmt"/>
        <line num="242" count="36" type="stmt"/>
        <line num="243" count="36" type="stmt"/>
        <line num="267" count="3" type="stmt"/>
        <line num="268" count="3" type="stmt"/>
        <line num="309" count="1" type="stmt"/>
      </file>
      <file name="CustomTabBar.tsx" path="/home/ghost/Desktop/Projects/Sanchari/frontend/src/components/CustomTabBar.tsx">
        <metrics statements="43" coveredstatements="38" conditionals="38" coveredconditionals="13" methods="15" coveredmethods="10"/>
        <line num="26" count="1" type="stmt"/>
        <line num="30" count="1" type="stmt"/>
        <line num="31" count="4" type="stmt"/>
        <line num="41" count="1" type="stmt"/>
        <line num="42" count="4" type="stmt"/>
        <line num="52" count="1" type="stmt"/>
        <line num="53" count="0" type="stmt"/>
        <line num="63" count="1" type="stmt"/>
        <line num="64" count="0" type="stmt"/>
        <line num="74" count="1" type="stmt"/>
        <line num="75" count="0" type="stmt"/>
        <line num="85" count="1" type="stmt"/>
        <line num="86" count="0" type="stmt"/>
        <line num="96" count="1" type="stmt"/>
        <line num="97" count="0" type="stmt"/>
        <line num="107" count="1" type="stmt"/>
        <line num="130" count="8" type="stmt"/>
        <line num="132" count="8" type="stmt"/>
        <line num="133" count="1" type="stmt"/>
        <line num="135" count="8" type="stmt"/>
        <line num="136" count="1" type="stmt"/>
        <line num="139" count="8" type="stmt"/>
        <line num="141" count="8" type="stmt"/>
        <line num="171" count="4" type="stmt"/>
        <line num="172" count="4" type="stmt"/>
        <line num="173" count="4" type="stmt"/>
        <line num="175" count="4" type="stmt"/>
        <line num="176" count="4" type="stmt"/>
        <line num="177" count="4" type="stmt"/>
        <line num="181" count="4" type="stmt"/>
        <line num="182" count="4" type="stmt"/>
        <line num="190" count="4" type="stmt"/>
        <line num="192" count="2" type="stmt"/>
        <line num="193" count="2" type="stmt"/>
        <line num="194" count="2" type="cond" truecount="4" falsecount="0"/>
        <line num="195" count="1" type="stmt"/>
        <line num="201" count="4" type="stmt"/>
        <line num="227" count="8" type="stmt"/>
        <line num="228" count="8" type="cond" truecount="1" falsecount="1"/>
        <line num="229" count="8" type="stmt"/>
        <line num="231" count="8" type="stmt"/>
        <line num="237" count="2" type="stmt"/>
        <line num="248" count="1" type="stmt"/>
      </file>
      <file name="DriverLoginModal.tsx" path="/home/ghost/Desktop/Projects/Sanchari/frontend/src/components/DriverLoginModal.tsx">
        <metrics statements="20" coveredstatements="20" conditionals="4" coveredconditionals="3" methods="7" coveredmethods="7"/>
        <line num="29" count="1" type="stmt"/>
        <line num="33" count="1" type="stmt"/>
        <line num="61" count="4" type="stmt"/>
        <line num="62" count="4" type="stmt"/>
        <line num="65" count="4" type="stmt"/>
        <line num="67" count="4" type="stmt"/>
        <line num="68" count="4" type="cond" truecount="1" falsecount="1"/>
        <line num="69" count="4" type="stmt"/>
        <line num="79" count="4" type="stmt"/>
        <line num="80" count="3" type="stmt"/>
        <line num="87" count="3" type="stmt"/>
        <line num="88" count="3" type="stmt"/>
        <line num="92" count="4" type="stmt"/>
        <line num="93" count="1" type="stmt"/>
        <line num="94" count="1" type="stmt"/>
        <line num="95" count="1" type="stmt"/>
        <line num="96" count="1" type="stmt"/>
        <line num="100" count="4" type="stmt"/>
        <line num="175" count="12" type="stmt"/>
        <line num="251" count="1" type="stmt"/>
      </file>
      <file name="ErrorBoundary.tsx" path="/home/ghost/Desktop/Projects/Sanchari/frontend/src/components/ErrorBoundary.tsx">
        <metrics statements="10" coveredstatements="9" conditionals="4" coveredconditionals="3" methods="5" coveredmethods="4"/>
        <line num="33" count="4" type="stmt"/>
        <line num="34" count="4" type="stmt"/>
        <line num="38" count="2" type="stmt"/>
        <line num="43" count="1" type="stmt"/>
        <line num="46" count="4" type="stmt"/>
        <line num="47" count="0" type="stmt"/>
        <line num="51" count="6" type="cond" truecount="2" falsecount="0"/>
        <line num="52" count="2" type="stmt"/>
        <line num="66" count="4" type="stmt"/>
        <line num="70" count="2" type="stmt"/>
      </file>
      <file name="GradientButton.tsx" path="/home/ghost/Desktop/Projects/Sanchari/frontend/src/components/GradientButton.tsx">
        <metrics statements="12" coveredstatements="12" conditionals="17" coveredconditionals="16" methods="5" coveredmethods="4"/>
        <line num="54" count="8" type="stmt"/>
        <line num="56" count="8" type="stmt"/>
        <line num="57" count="1" type="stmt"/>
        <line num="60" count="8" type="stmt"/>
        <line num="61" count="1" type="stmt"/>
        <line num="64" count="8" type="stmt"/>
        <line num="68" count="8" type="stmt"/>
        <line num="69" count="2" type="stmt"/>
        <line num="70" count="2" type="stmt"/>
        <line num="73" count="8" type="cond" truecount="2" falsecount="0"/>
        <line num="75" count="8" type="stmt"/>
        <line num="113" count="2" type="stmt"/>
      </file>
      <file name="ImageWithFallback.tsx" path="/home/ghost/Desktop/Projects/Sanchari/frontend/src/components/ImageWithFallback.tsx">
        <metrics statements="13" coveredstatements="12" conditionals="20" coveredconditionals="14" methods="4" coveredmethods="4"/>
        <line num="45" count="6" type="stmt"/>
        <line num="46" count="6" type="stmt"/>
        <line num="47" count="6" type="stmt"/>
        <line num="48" count="6" type="stmt"/>
        <line num="50" count="6" type="stmt"/>
        <line num="51" count="1" type="cond" truecount="2" falsecount="2"/>
        <line num="52" count="0" type="stmt"/>
        <line num="54" count="1" type="stmt"/>
        <line num="56" count="1" type="stmt"/>
        <line num="59" count="6" type="stmt"/>
        <line num="91" count="1" type="stmt"/>
        <line num="92" count="1" type="stmt"/>
        <line num="121" count="1" type="stmt"/>
      </file>
      <file name="LiveMap.tsx" path="/home/ghost/Desktop/Projects/Sanchari/frontend/src/components/LiveMap.tsx">
        <metrics statements="46" coveredstatements="28" conditionals="40" coveredconditionals="28" methods="8" coveredmethods="5"/>
        <line num="51" count="1" type="stmt"/>
        <line num="52" count="1" type="stmt"/>
        <line num="53" count="1" type="stmt"/>
        <line num="60" count="1" type="stmt"/>
        <line num="82" count="8" type="stmt"/>
        <line num="83" count="8" type="stmt"/>
        <line num="84" count="8" type="stmt"/>
        <line num="88" count="8" type="stmt"/>
        <line num="91" count="8" type="cond" truecount="2" falsecount="0"/>
        <line num="92" count="8" type="cond" truecount="2" falsecount="0"/>
        <line num="93" count="8" type="cond" truecount="2" falsecount="0"/>
        <line num="99" count="8" type="stmt"/>
        <line num="100" count="4" type="stmt"/>
        <line num="101" count="4" type="stmt"/>
        <line num="102" count="4" type="stmt"/>
        <line num="103" count="4" type="stmt"/>
        <line num="104" count="4" type="cond" truecount="2" falsecount="0"/>
        <line num="105" count="3" type="stmt"/>
        <line num="108" count="2" type="cond" truecount="1" falsecount="1"/>
        <line num="109" count="2" type="stmt"/>
        <line num="118" count="4" type="cond" truecount="1" falsecount="1"/>
        <line num="121" count="4" type="stmt"/>
        <line num="122" count="4" type="stmt"/>
        <line num="127" count="8" type="stmt"/>
        <line num="128" count="8" type="cond" truecount="2" falsecount="2"/>
        <line num="129" count="0" type="stmt"/>
        <line num="130" count="0" type="cond" truecount="0" falsecount="2"/>
        <line num="133" count="0" type="stmt"/>
        <line num="134" count="0" type="stmt"/>
        <line num="139" count="0" type="stmt"/>
        <line num="143" count="8" type="cond" truecount="2" falsecount="0"/>
        <line num="148" count="8" type="stmt"/>
        <line num="226" count="0" type="stmt"/>
        <line num="227" count="0" type="stmt"/>
        <line num="228" count="0" type="stmt"/>
        <line num="230" count="0" type="stmt"/>
        <line num="231" count="0" type="stmt"/>
        <line num="232" count="0" type="stmt"/>
        <line num="233" count="0" type="stmt"/>
        <line num="235" count="0" type="stmt"/>
        <line num="236" count="0" type="stmt"/>
        <line num="238" count="0" type="stmt"/>
        <line num="242" count="0" type="stmt"/>
        <line num="245" count="0" type="stmt"/>
        <line num="247" count="0" type="stmt"/>
        <line num="251" count="1" type="stmt"/>
      </file>
      <file name="MobileFrame.tsx" path="/home/ghost/Desktop/Projects/Sanchari/frontend/src/components/MobileFrame.tsx">
        <metrics statements="5" coveredstatements="5" conditionals="2" coveredconditionals="2" methods="2" coveredmethods="2"/>
        <line num="23" count="2" type="stmt"/>
        <line num="25" count="2" type="stmt"/>
        <line num="76" count="1" type="stmt"/>
        <line num="78" count="1" type="stmt"/>
        <line num="86" count="1" type="stmt"/>
      </file>
      <file name="MockMap.tsx" path="/home/ghost/Desktop/Projects/Sanchari/frontend/src/components/MockMap.tsx">
        <metrics statements="27" coveredstatements="27" conditionals="24" coveredconditionals="15" methods="10" coveredmethods="8"/>
        <line num="36" count="3" type="stmt"/>
        <line num="39" count="3" type="cond" truecount="1" falsecount="1"/>
        <line num="40" count="3" type="cond" truecount="1" falsecount="1"/>
        <line num="41" count="3" type="cond" truecount="1" falsecount="1"/>
        <line num="42" count="3" type="cond" truecount="1" falsecount="1"/>
        <line num="43" count="3" type="cond" truecount="1" falsecount="1"/>
        <line num="44" count="3" type="cond" truecount="1" falsecount="1"/>
        <line num="45" count="3" type="cond" truecount="1" falsecount="1"/>
        <line num="48" count="3" type="stmt"/>
        <line num="49" count="3" type="stmt"/>
        <line num="51" count="3" type="stmt"/>
        <line num="52" count="3" type="stmt"/>
        <line num="64" count="3" type="stmt"/>
        <line num="65" count="3" type="stmt"/>
        <line num="70" count="3" type="stmt"/>
        <line num="71" count="3" type="stmt"/>
        <line num="73" count="3" type="stmt"/>
        <line num="74" count="3" type="stmt"/>
        <line num="75" count="3" type="stmt"/>
        <line num="76" count="3" type="stmt"/>
        <line num="77" count="3" type="stmt"/>
        <line num="78" count="3" type="stmt"/>
        <line num="82" count="3" type="stmt"/>
        <line num="118" count="21" type="stmt"/>
        <line num="127" count="12" type="stmt"/>
        <line num="132" count="9" type="stmt"/>
        <line num="219" count="1" type="stmt"/>
      </file>
      <file name="RideDatePicker.tsx" path="/home/ghost/Desktop/Projects/Sanchari/frontend/src/components/RideDatePicker.tsx">
        <metrics statements="82" coveredstatements="77" conditionals="90" coveredconditionals="77" methods="29" coveredmethods="23"/>
        <line num="23" count="1" type="stmt"/>
        <line num="27" count="1" type="stmt"/>
        <line num="28" count="1" type="stmt"/>
        <line num="34" count="406" type="stmt"/>
        <line num="42" count="12" type="stmt"/>
        <line num="47" count="6" type="stmt"/>
        <line num="48" count="6" type="stmt"/>
        <line num="49" count="35" type="stmt"/>
        <line num="51" count="6" type="stmt"/>
        <line num="86" count="245" type="stmt"/>
        <line num="87" count="245" type="cond" truecount="2" falsecount="0"/>
        <line num="89" count="185" type="stmt"/>
        <line num="90" count="0" type="cond" truecount="0" falsecount="2"/>
        <line num="91" count="0" type="stmt"/>
        <line num="93" count="185" type="stmt"/>
        <line num="94" count="0" type="stmt"/>
        <line num="97" count="185" type="cond" truecount="4" falsecount="0"/>
        <line num="98" count="185" type="cond" truecount="2" falsecount="0"/>
        <line num="110" count="185" type="stmt"/>
        <line num="159" count="36" type="stmt"/>
        <line num="160" count="36" type="stmt"/>
        <line num="165" count="0" type="stmt"/>
        <line num="166" count="0" type="stmt"/>
        <line num="192" count="6" type="stmt"/>
        <line num="193" count="6" type="stmt"/>
        <line num="194" count="6" type="stmt"/>
        <line num="195" count="6" type="stmt"/>
        <line num="197" count="6" type="stmt"/>
        <line num="200" count="6" type="stmt"/>
        <line num="205" count="6" type="stmt"/>
        <line num="207" count="6" type="stmt"/>
        <line num="208" count="4" type="cond" truecount="1" falsecount="1"/>
        <line num="209" count="4" type="stmt"/>
        <line num="218" count="6" type="stmt"/>
        <line num="219" count="2" type="stmt"/>
        <line num="225" count="2" type="stmt"/>
        <line num="226" count="2" type="stmt"/>
        <line num="232" count="6" type="cond" truecount="3" falsecount="0"/>
        <line num="235" count="6" type="stmt"/>
        <line num="236" count="1" type="cond" truecount="1" falsecount="1"/>
        <line num="237" count="1" type="cond" truecount="1" falsecount="1"/>
        <line num="238" count="1" type="stmt"/>
        <line num="240" count="6" type="stmt"/>
        <line num="241" count="1" type="cond" truecount="1" falsecount="1"/>
        <line num="242" count="1" type="stmt"/>
        <line num="246" count="6" type="stmt"/>
        <line num="247" count="6" type="stmt"/>
        <line num="248" count="6" type="stmt"/>
        <line num="250" count="185" type="stmt"/>
        <line num="252" count="34" type="stmt"/>
        <line num="254" count="6" type="stmt"/>
        <line num="256" count="6" type="stmt"/>
        <line num="257" count="1" type="cond" truecount="1" falsecount="1"/>
        <line num="258" count="1" type="stmt"/>
        <line num="259" count="1" type="cond" truecount="3" falsecount="1"/>
        <line num="260" count="1" type="stmt"/>
        <line num="261" count="1" type="stmt"/>
        <line num="264" count="6" type="stmt"/>
        <line num="265" count="6" type="stmt"/>
        <line num="266" count="6" type="cond" truecount="1" falsecount="1"/>
        <line num="267" count="6" type="cond" truecount="1" falsecount="1"/>
        <line num="268" count="6" type="stmt"/>
        <line num="272" count="6" type="stmt"/>
        <line num="273" count="36" type="stmt"/>
        <line num="274" count="36" type="stmt"/>
        <line num="275" count="36" type="stmt"/>
        <line num="284" count="6" type="stmt"/>
        <line num="370" count="42" type="stmt"/>
        <line num="379" count="35" type="stmt"/>
        <line num="381" count="245" type="cond" truecount="2" falsecount="0"/>
        <line num="382" count="245" type="cond" truecount="2" falsecount="0"/>
        <line num="383" count="245" type="cond" truecount="4" falsecount="0"/>
        <line num="384" count="245" type="cond" truecount="2" falsecount="0"/>
        <line num="385" count="245" type="cond" truecount="2" falsecount="0"/>
        <line num="386" count="245" type="cond" truecount="2" falsecount="0"/>
        <line num="387" count="245" type="cond" truecount="2" falsecount="0"/>
        <line num="388" count="245" type="cond" truecount="2" falsecount="0"/>
        <line num="390" count="245" type="stmt"/>
        <line num="400" count="1" type="stmt"/>
        <line num="417" count="36" type="stmt"/>
        <line num="421" count="1" type="stmt"/>
        <line num="438" count="1" type="stmt"/>
      </file>
      <file name="RidePoolLogo.tsx" path="/home/ghost/Desktop/Projects/Sanchari/frontend/src/components/RidePoolLogo.tsx">
        <metrics statements="4" coveredstatements="4" conditionals="5" coveredconditionals="5" methods="1" coveredmethods="1"/>
        <line num="29" count="1" type="stmt"/>
        <line num="30" count="1" type="cond" truecount="2" falsecount="0"/>
        <line num="32" count="1" type="stmt"/>
        <line num="60" count="1" type="stmt"/>
      </file>
      <file name="RoleToggle.tsx" path="/home/ghost/Desktop/Projects/Sanchari/frontend/src/components/RoleToggle.tsx">
        <metrics statements="14" coveredstatements="14" conditionals="18" coveredconditionals="17" methods="5" coveredmethods="5"/>
        <line num="19" count="7" type="stmt"/>
        <line num="20" count="7" type="stmt"/>
        <line num="23" count="7" type="stmt"/>
        <line num="24" count="7" type="stmt"/>
        <line num="25" count="7" type="stmt"/>
        <line num="27" count="7" type="cond" truecount="2" falsecount="0"/>
        <line num="29" count="7" type="stmt"/>
        <line num="30" count="7" type="cond" truecount="2" falsecount="0"/>
        <line num="31" count="1" type="stmt"/>
        <line num="40" count="7" type="stmt"/>
        <line num="45" count="1" type="stmt"/>
        <line num="63" count="2" type="cond" truecount="2" falsecount="0"/>
        <line num="81" count="2" type="cond" truecount="2" falsecount="0"/>
        <line num="101" count="1" type="stmt"/>
      </file>
      <file name="ScreenWrapper.tsx" path="/home/ghost/Desktop/Projects/Sanchari/frontend/src/components/ScreenWrapper.tsx">
        <metrics statements="3" coveredstatements="3" conditionals="10" coveredconditionals="7" methods="1" coveredmethods="1"/>
        <line num="37" count="1" type="cond" truecount="1" falsecount="1"/>
        <line num="60" count="1" type="stmt"/>
        <line num="71" count="1" type="stmt"/>
      </file>
    </package>
    <package name="frontend.src.theme">
      <metrics statements="20" coveredstatements="13" conditionals="6" coveredconditionals="0" methods="2" coveredmethods="1"/>
      <file name="fonts.ts" path="/home/ghost/Desktop/Projects/Sanchari/frontend/src/theme/fonts.ts">
        <metrics statements="8" coveredstatements="1" conditionals="6" coveredconditionals="0" methods="1" coveredmethods="0"/>
        <line num="58" count="1" type="stmt"/>
        <line num="76" count="0" type="cond" truecount="0" falsecount="6"/>
        <line num="77" count="0" type="stmt"/>
        <line num="78" count="0" type="stmt"/>
        <line num="79" count="0" type="stmt"/>
        <line num="80" count="0" type="stmt"/>
        <line num="81" count="0" type="stmt"/>
        <line num="82" count="0" type="stmt"/>
      </file>
      <file name="index.ts" path="/home/ghost/Desktop/Projects/Sanchari/frontend/src/theme/index.ts">
        <metrics statements="12" coveredstatements="12" conditionals="0" coveredconditionals="0" methods="1" coveredmethods="1"/>
        <line num="65" count="10" type="stmt"/>
        <line num="103" count="10" type="stmt"/>
        <line num="150" count="10" type="stmt"/>
        <line num="202" count="10" type="stmt"/>
        <line num="233" count="10" type="stmt"/>
        <line num="275" count="10" type="stmt"/>
        <line num="309" count="10" type="stmt"/>
        <line num="327" count="10" type="stmt"/>
        <line num="342" count="10" type="stmt"/>
        <line num="364" count="14" type="stmt"/>
        <line num="375" count="10" type="stmt"/>
        <line num="403" count="10" type="stmt"/>
      </file>
    </package>
    <package name="frontend.src.utils">
      <metrics statements="17" coveredstatements="11" conditionals="16" coveredconditionals="5" methods="7" coveredmethods="4"/>
      <file name="logger.ts" path="/home/ghost/Desktop/Projects/Sanchari/frontend/src/utils/logger.ts">
        <metrics statements="17" coveredstatements="11" conditionals="16" coveredconditionals="5" methods="7" coveredmethods="4"/>
        <line num="12" count="1" type="stmt"/>
        <line num="24" count="1" type="stmt"/>
        <line num="25" count="1" type="cond" truecount="1" falsecount="1"/>
        <line num="30" count="1" type="cond" truecount="2" falsecount="2"/>
        <line num="31" count="1" type="stmt"/>
        <line num="35" count="1" type="stmt"/>
        <line num="36" count="1" type="stmt"/>
        <line num="37" count="1" type="cond" truecount="1" falsecount="1"/>
        <line num="41" count="0" type="cond" truecount="0" falsecount="2"/>
        <line num="42" count="0" type="stmt"/>
        <line num="47" count="1" type="cond" truecount="1" falsecount="1"/>
        <line num="48" count="1" type="stmt"/>
        <line num="53" count="0" type="cond" truecount="0" falsecount="2"/>
        <line num="54" count="0" type="stmt"/>
        <line num="59" count="0" type="cond" truecount="0" falsecount="2"/>
        <line num="60" count="0" type="stmt"/>
        <line num="65" count="1" type="stmt"/>
      </file>
    </package>
  </project>
</coverage>
