{"/home/ghost/Desktop/Projects/Sanchari/frontend/App.tsx": {"path":"/home/ghost/Desktop/Projects/Sanchari/frontend/App.tsx","statementMap":{"0":{"start":{"line":9,"column":0},"end":{"line":11,"column":1}},"1":{"start":{"line":10,"column":2},"end":{"line":10,"column":34}},"2":{"start":{"line":30,"column":25},"end":{"line":30,"column":33}},"3":{"start":{"line":31,"column":21},"end":{"line":31,"column":66}},"4":{"start":{"line":33,"column":2},"end":{"line":39,"column":4}},"5":{"start":{"line":46,"column":2},"end":{"line":53,"column":9}},"6":{"start":{"line":47,"column":4},"end":{"line":52,"column":5}},"7":{"start":{"line":48,"column":6},"end":{"line":48,"column":29}},"8":{"start":{"line":49,"column":6},"end":{"line":49,"column":62}},"9":{"start":{"line":51,"column":6},"end":{"line":51,"column":65}},"10":{"start":{"line":55,"column":2},"end":{"line":67,"column":4}},"11":{"start":{"line":70,"column":15},"end":{"line":74,"column":2}}},"fnMap":{"0":{"name":"ThemedApp","decl":{"start":{"line":29,"column":9},"end":{"line":29,"column":18}},"loc":{"start":{"line":29,"column":21},"end":{"line":40,"column":1}},"line":29},"1":{"name":"App","decl":{"start":{"line":44,"column":24},"end":{"line":44,"column":27}},"loc":{"start":{"line":44,"column":30},"end":{"line":68,"column":1}},"line":44},"2":{"name":"(anonymous_2)","decl":{"start":{"line":46,"column":12},"end":{"line":46,"column":13}},"loc":{"start":{"line":46,"column":18},"end":{"line":53,"column":3}},"line":46}},"branchMap":{"0":{"loc":{"start":{"line":9,"column":0},"end":{"line":11,"column":1}},"type":"if","locations":[{"start":{"line":9,"column":0},"end":{"line":11,"column":1}},{"start":{},"end":{}}],"line":9},"1":{"loc":{"start":{"line":31,"column":21},"end":{"line":31,"column":66}},"type":"cond-expr","locations":[{"start":{"line":31,"column":34},"end":{"line":31,"column":48}},{"start":{"line":31,"column":51},"end":{"line":31,"column":66}}],"line":31}},"s":{"0":1,"1":0,"2":1,"3":1,"4":1,"5":1,"6":1,"7":1,"8":1,"9":0,"10":1,"11":1},"f":{"0":1,"1":1,"2":1},"b":{"0":[0,1],"1":[0,1]},"_coverageSchema":"1a1c01bbd47fc00a2c39e90264f33305004495a9","hash":"a56d029e20712aedfde7d82eab488e2ae6bdffa9"}
,"/home/ghost/Desktop/Projects/Sanchari/frontend/src/api/constants.ts": {"path":"/home/ghost/Desktop/Projects/Sanchari/frontend/src/api/constants.ts","statementMap":{"0":{"start":{"line":12,"column":25},"end":{"line":17,"column":2}},"1":{"start":{"line":19,"column":26},"end":{"line":28,"column":10}},"2":{"start":{"line":32,"column":29},"end":{"line":140,"column":10}},"3":{"start":{"line":45,"column":36},"end":{"line":45,"column":65}},"4":{"start":{"line":59,"column":28},"end":{"line":59,"column":42}},"5":{"start":{"line":60,"column":28},"end":{"line":60,"column":49}},"6":{"start":{"line":61,"column":30},"end":{"line":61,"column":53}},"7":{"start":{"line":71,"column":29},"end":{"line":71,"column":54}},"8":{"start":{"line":72,"column":28},"end":{"line":72,"column":52}},"9":{"start":{"line":73,"column":28},"end":{"line":73,"column":52}},"10":{"start":{"line":74,"column":30},"end":{"line":74,"column":56}},"11":{"start":{"line":87,"column":37},"end":{"line":87,"column":66}},"12":{"start":{"line":88,"column":44},"end":{"line":88,"column":69}},"13":{"start":{"line":94,"column":32},"end":{"line":94,"column":57}},"14":{"start":{"line":112,"column":30},"end":{"line":112,"column":57}},"15":{"start":{"line":135,"column":39},"end":{"line":135,"column":67}},"16":{"start":{"line":136,"column":33},"end":{"line":136,"column":61}},"17":{"start":{"line":137,"column":33},"end":{"line":137,"column":64}},"18":{"start":{"line":138,"column":29},"end":{"line":138,"column":56}},"19":{"start":{"line":143,"column":27},"end":{"line":156,"column":10}},"20":{"start":{"line":159,"column":30},"end":{"line":168,"column":10}},"21":{"start":{"line":171,"column":34},"end":{"line":176,"column":10}}},"fnMap":{"0":{"name":"(anonymous_0)","decl":{"start":{"line":45,"column":16},"end":{"line":45,"column":17}},"loc":{"start":{"line":45,"column":36},"end":{"line":45,"column":65}},"line":45},"1":{"name":"(anonymous_1)","decl":{"start":{"line":59,"column":12},"end":{"line":59,"column":13}},"loc":{"start":{"line":59,"column":28},"end":{"line":59,"column":42}},"line":59},"2":{"name":"(anonymous_2)","decl":{"start":{"line":60,"column":12},"end":{"line":60,"column":13}},"loc":{"start":{"line":60,"column":28},"end":{"line":60,"column":49}},"line":60},"3":{"name":"(anonymous_3)","decl":{"start":{"line":61,"column":14},"end":{"line":61,"column":15}},"loc":{"start":{"line":61,"column":30},"end":{"line":61,"column":53}},"line":61},"4":{"name":"(anonymous_4)","decl":{"start":{"line":71,"column":13},"end":{"line":71,"column":14}},"loc":{"start":{"line":71,"column":29},"end":{"line":71,"column":54}},"line":71},"5":{"name":"(anonymous_5)","decl":{"start":{"line":72,"column":12},"end":{"line":72,"column":13}},"loc":{"start":{"line":72,"column":28},"end":{"line":72,"column":52}},"line":72},"6":{"name":"(anonymous_6)","decl":{"start":{"line":73,"column":12},"end":{"line":73,"column":13}},"loc":{"start":{"line":73,"column":28},"end":{"line":73,"column":52}},"line":73},"7":{"name":"(anonymous_7)","decl":{"start":{"line":74,"column":14},"end":{"line":74,"column":15}},"loc":{"start":{"line":74,"column":30},"end":{"line":74,"column":56}},"line":74},"8":{"name":"(anonymous_8)","decl":{"start":{"line":87,"column":14},"end":{"line":87,"column":15}},"loc":{"start":{"line":87,"column":37},"end":{"line":87,"column":66}},"line":87},"9":{"name":"(anonymous_9)","decl":{"start":{"line":88,"column":21},"end":{"line":88,"column":22}},"loc":{"start":{"line":88,"column":44},"end":{"line":88,"column":69}},"line":88},"10":{"name":"(anonymous_10)","decl":{"start":{"line":94,"column":12},"end":{"line":94,"column":13}},"loc":{"start":{"line":94,"column":32},"end":{"line":94,"column":57}},"line":94},"11":{"name":"(anonymous_11)","decl":{"start":{"line":112,"column":14},"end":{"line":112,"column":15}},"loc":{"start":{"line":112,"column":30},"end":{"line":112,"column":57}},"line":112},"12":{"name":"(anonymous_12)","decl":{"start":{"line":135,"column":23},"end":{"line":135,"column":24}},"loc":{"start":{"line":135,"column":39},"end":{"line":135,"column":67}},"line":135},"13":{"name":"(anonymous_13)","decl":{"start":{"line":136,"column":17},"end":{"line":136,"column":18}},"loc":{"start":{"line":136,"column":33},"end":{"line":136,"column":61}},"line":136},"14":{"name":"(anonymous_14)","decl":{"start":{"line":137,"column":17},"end":{"line":137,"column":18}},"loc":{"start":{"line":137,"column":33},"end":{"line":137,"column":64}},"line":137},"15":{"name":"(anonymous_15)","decl":{"start":{"line":138,"column":13},"end":{"line":138,"column":14}},"loc":{"start":{"line":138,"column":29},"end":{"line":138,"column":56}},"line":138}},"branchMap":{"0":{"loc":{"start":{"line":20,"column":11},"end":{"line":20,"column":68}},"type":"binary-expr","locations":[{"start":{"line":20,"column":11},"end":{"line":20,"column":48}},{"start":{"line":20,"column":52},"end":{"line":20,"column":68}}],"line":20},"1":{"loc":{"start":{"line":21,"column":20},"end":{"line":21,"column":67}},"type":"binary-expr","locations":[{"start":{"line":21,"column":20},"end":{"line":21,"column":56}},{"start":{"line":21,"column":60},"end":{"line":21,"column":67}}],"line":21},"2":{"loc":{"start":{"line":27,"column":13},"end":{"line":27,"column":44}},"type":"binary-expr","locations":[{"start":{"line":27,"column":13},"end":{"line":27,"column":34}},{"start":{"line":27,"column":38},"end":{"line":27,"column":44}}],"line":27}},"s":{"0":1,"1":1,"2":1,"3":0,"4":0,"5":0,"6":0,"7":0,"8":0,"9":0,"10":0,"11":0,"12":0,"13":0,"14":0,"15":0,"16":0,"17":0,"18":0,"19":1,"20":1,"21":1},"f":{"0":0,"1":0,"2":0,"3":0,"4":0,"5":0,"6":0,"7":0,"8":0,"9":0,"10":0,"11":0,"12":0,"13":0,"14":0,"15":0},"b":{"0":[1,1],"1":[1,1],"2":[1,1]},"_coverageSchema":"1a1c01bbd47fc00a2c39e90264f33305004495a9","hash":"5dfb01bb42b3a2d7045d64984b85c1b3d620ac4f"}
,"/home/ghost/Desktop/Projects/Sanchari/frontend/src/components/AnimatedDot.tsx": {"path":"/home/ghost/Desktop/Projects/Sanchari/frontend/src/components/AnimatedDot.tsx","statementMap":{"0":{"start":{"line":31,"column":16},"end":{"line":31,"column":33}},"1":{"start":{"line":32,"column":18},"end":{"line":32,"column":37}},"2":{"start":{"line":34,"column":2},"end":{"line":56,"column":30}},"3":{"start":{"line":35,"column":20},"end":{"line":35,"column":32}},"4":{"start":{"line":36,"column":4},"end":{"line":45,"column":6}},"5":{"start":{"line":46,"column":4},"end":{"line":55,"column":6}},"6":{"start":{"line":58,"column":24},"end":{"line":61,"column":5}},"7":{"start":{"line":58,"column":48},"end":{"line":61,"column":3}},"8":{"start":{"line":63,"column":2},"end":{"line":77,"column":4}},"9":{"start":{"line":80,"column":15},"end":{"line":82,"column":2}}},"fnMap":{"0":{"name":"AnimatedDot","decl":{"start":{"line":26,"column":16},"end":{"line":26,"column":27}},"loc":{"start":{"line":30,"column":21},"end":{"line":78,"column":1}},"line":30},"1":{"name":"(anonymous_1)","decl":{"start":{"line":34,"column":12},"end":{"line":34,"column":13}},"loc":{"start":{"line":34,"column":18},"end":{"line":56,"column":3}},"line":34},"2":{"name":"(anonymous_2)","decl":{"start":{"line":58,"column":41},"end":{"line":58,"column":42}},"loc":{"start":{"line":58,"column":48},"end":{"line":61,"column":3}},"line":58}},"branchMap":{"0":{"loc":{"start":{"line":27,"column":2},"end":{"line":27,"column":33}},"type":"default-arg","locations":[{"start":{"line":27,"column":10},"end":{"line":27,"column":33}}],"line":27},"1":{"loc":{"start":{"line":28,"column":2},"end":{"line":28,"column":10}},"type":"default-arg","locations":[{"start":{"line":28,"column":9},"end":{"line":28,"column":10}}],"line":28},"2":{"loc":{"start":{"line":29,"column":2},"end":{"line":29,"column":11}},"type":"default-arg","locations":[{"start":{"line":29,"column":10},"end":{"line":29,"column":11}}],"line":29}},"s":{"0":1,"1":1,"2":1,"3":1,"4":1,"5":1,"6":1,"7":0,"8":1,"9":1},"f":{"0":1,"1":1,"2":0},"b":{"0":[1],"1":[1],"2":[1]},"_coverageSchema":"1a1c01bbd47fc00a2c39e90264f33305004495a9","hash":"009fb52a305f1a1beb9aa5a5f72deb675821954e"}
,"/home/ghost/Desktop/Projects/Sanchari/frontend/src/components/AppText.tsx": {"path":"/home/ghost/Desktop/Projects/Sanchari/frontend/src/components/AppText.tsx","statementMap":{"0":{"start":{"line":38,"column":2},"end":{"line":45,"column":3}},"1":{"start":{"line":39,"column":22},"end":{"line":39,"column":48}},"2":{"start":{"line":40,"column":22},"end":{"line":40,"column":47}},"3":{"start":{"line":41,"column":22},"end":{"line":41,"column":49}},"4":{"start":{"line":42,"column":22},"end":{"line":42,"column":45}},"5":{"start":{"line":43,"column":22},"end":{"line":43,"column":50}},"6":{"start":{"line":44,"column":22},"end":{"line":44,"column":48}},"7":{"start":{"line":60,"column":16},"end":{"line":60,"column":24}},"8":{"start":{"line":62,"column":24},"end":{"line":62,"column":65}},"9":{"start":{"line":63,"column":19},"end":{"line":63,"column":64}},"10":{"start":{"line":64,"column":21},"end":{"line":64,"column":48}},"11":{"start":{"line":65,"column":21},"end":{"line":65,"column":66}},"12":{"start":{"line":67,"column":2},"end":{"line":80,"column":4}},"13":{"start":{"line":86,"column":18},"end":{"line":88,"column":1}},"14":{"start":{"line":87,"column":2},"end":{"line":87,"column":51}},"15":{"start":{"line":90,"column":18},"end":{"line":92,"column":1}},"16":{"start":{"line":91,"column":2},"end":{"line":91,"column":51}},"17":{"start":{"line":94,"column":18},"end":{"line":96,"column":1}},"18":{"start":{"line":95,"column":2},"end":{"line":95,"column":51}},"19":{"start":{"line":98,"column":18},"end":{"line":100,"column":1}},"20":{"start":{"line":99,"column":2},"end":{"line":99,"column":50}},"21":{"start":{"line":102,"column":24},"end":{"line":104,"column":1}},"22":{"start":{"line":103,"column":2},"end":{"line":103,"column":34}},"23":{"start":{"line":106,"column":23},"end":{"line":108,"column":1}},"24":{"start":{"line":107,"column":2},"end":{"line":107,"column":44}},"25":{"start":{"line":112,"column":15},"end":{"line":121,"column":2}}},"fnMap":{"0":{"name":"fontFamilyForWeight","decl":{"start":{"line":37,"column":9},"end":{"line":37,"column":28}},"loc":{"start":{"line":37,"column":57},"end":{"line":46,"column":1}},"line":37},"1":{"name":"AppText","decl":{"start":{"line":50,"column":16},"end":{"line":50,"column":23}},"loc":{"start":{"line":59,"column":17},"end":{"line":81,"column":1}},"line":59},"2":{"name":"(anonymous_2)","decl":{"start":{"line":86,"column":18},"end":{"line":86,"column":19}},"loc":{"start":{"line":87,"column":2},"end":{"line":87,"column":51}},"line":87},"3":{"name":"(anonymous_3)","decl":{"start":{"line":90,"column":18},"end":{"line":90,"column":19}},"loc":{"start":{"line":91,"column":2},"end":{"line":91,"column":51}},"line":91},"4":{"name":"(anonymous_4)","decl":{"start":{"line":94,"column":18},"end":{"line":94,"column":19}},"loc":{"start":{"line":95,"column":2},"end":{"line":95,"column":51}},"line":95},"5":{"name":"(anonymous_5)","decl":{"start":{"line":98,"column":18},"end":{"line":98,"column":19}},"loc":{"start":{"line":99,"column":2},"end":{"line":99,"column":50}},"line":99},"6":{"name":"(anonymous_6)","decl":{"start":{"line":102,"column":24},"end":{"line":102,"column":25}},"loc":{"start":{"line":103,"column":2},"end":{"line":103,"column":34}},"line":103},"7":{"name":"(anonymous_7)","decl":{"start":{"line":106,"column":23},"end":{"line":106,"column":24}},"loc":{"start":{"line":107,"column":2},"end":{"line":107,"column":44}},"line":107}},"branchMap":{"0":{"loc":{"start":{"line":38,"column":2},"end":{"line":45,"column":3}},"type":"switch","locations":[{"start":{"line":39,"column":4},"end":{"line":39,"column":48}},{"start":{"line":40,"column":4},"end":{"line":40,"column":47}},{"start":{"line":41,"column":4},"end":{"line":41,"column":49}},{"start":{"line":42,"column":4},"end":{"line":42,"column":45}},{"start":{"line":43,"column":4},"end":{"line":43,"column":50}},{"start":{"line":44,"column":4},"end":{"line":44,"column":48}}],"line":38},"1":{"loc":{"start":{"line":52,"column":2},"end":{"line":52,"column":20}},"type":"default-arg","locations":[{"start":{"line":52,"column":11},"end":{"line":52,"column":20}}],"line":52},"2":{"loc":{"start":{"line":54,"column":2},"end":{"line":54,"column":19}},"type":"default-arg","locations":[{"start":{"line":54,"column":14},"end":{"line":54,"column":19}}],"line":54},"3":{"loc":{"start":{"line":55,"column":2},"end":{"line":55,"column":16}},"type":"default-arg","locations":[{"start":{"line":55,"column":11},"end":{"line":55,"column":16}}],"line":55},"4":{"loc":{"start":{"line":62,"column":24},"end":{"line":62,"column":65}},"type":"binary-expr","locations":[{"start":{"line":62,"column":24},"end":{"line":62,"column":29}},{"start":{"line":62,"column":34},"end":{"line":62,"column":64}}],"line":62},"5":{"loc":{"start":{"line":62,"column":34},"end":{"line":62,"column":64}},"type":"cond-expr","locations":[{"start":{"line":62,"column":46},"end":{"line":62,"column":55}},{"start":{"line":62,"column":58},"end":{"line":62,"column":64}}],"line":62},"6":{"loc":{"start":{"line":63,"column":19},"end":{"line":63,"column":64}},"type":"cond-expr","locations":[{"start":{"line":63,"column":26},"end":{"line":63,"column":52}},{"start":{"line":63,"column":55},"end":{"line":63,"column":64}}],"line":63},"7":{"loc":{"start":{"line":71,"column":8},"end":{"line":71,"column":46}},"type":"binary-expr","locations":[{"start":{"line":71,"column":8},"end":{"line":71,"column":30}},{"start":{"line":71,"column":34},"end":{"line":71,"column":46}}],"line":71},"8":{"loc":{"start":{"line":73,"column":8},"end":{"line":73,"column":31}},"type":"binary-expr","locations":[{"start":{"line":73,"column":8},"end":{"line":73,"column":14}},{"start":{"line":73,"column":18},"end":{"line":73,"column":31}}],"line":73}},"s":{"0":2,"1":2,"2":0,"3":0,"4":0,"5":0,"6":0,"7":2,"8":2,"9":2,"10":2,"11":2,"12":2,"13":1,"14":0,"15":1,"16":0,"17":1,"18":0,"19":1,"20":0,"21":1,"22":0,"23":1,"24":0,"25":1},"f":{"0":2,"1":2,"2":0,"3":0,"4":0,"5":0,"6":0,"7":0},"b":{"0":[2,0,0,0,0,0],"1":[2],"2":[2],"3":[2],"4":[2,2],"5":[0,2],"6":[0,2],"7":[2,0],"8":[2,0]},"_coverageSchema":"1a1c01bbd47fc00a2c39e90264f33305004495a9","hash":"8ff39c1383a7f683dd9f464c900b6b1b28718f08"}
,"/home/ghost/Desktop/Projects/Sanchari/frontend/src/components/BackButton.tsx": {"path":"/home/ghost/Desktop/Projects/Sanchari/frontend/src/components/BackButton.tsx","statementMap":{"0":{"start":{"line":22,"column":21},"end":{"line":22,"column":36}},"1":{"start":{"line":23,"column":16},"end":{"line":23,"column":24}},"2":{"start":{"line":25,"column":22},"end":{"line":31,"column":3}},"3":{"start":{"line":26,"column":4},"end":{"line":30,"column":5}},"4":{"start":{"line":27,"column":6},"end":{"line":27,"column":16}},"5":{"start":{"line":29,"column":6},"end":{"line":29,"column":26}},"6":{"start":{"line":33,"column":2},"end":{"line":53,"column":4}},"7":{"start":{"line":56,"column":15},"end":{"line":65,"column":2}}},"fnMap":{"0":{"name":"BackButton","decl":{"start":{"line":21,"column":16},"end":{"line":21,"column":26}},"loc":{"start":{"line":21,"column":57},"end":{"line":54,"column":1}},"line":21},"1":{"name":"(anonymous_1)","decl":{"start":{"line":25,"column":22},"end":{"line":25,"column":23}},"loc":{"start":{"line":25,"column":28},"end":{"line":31,"column":3}},"line":25}},"branchMap":{"0":{"loc":{"start":{"line":26,"column":4},"end":{"line":30,"column":5}},"type":"if","locations":[{"start":{"line":26,"column":4},"end":{"line":30,"column":5}},{"start":{"line":28,"column":11},"end":{"line":30,"column":5}}],"line":26}},"s":{"0":3,"1":3,"2":3,"3":2,"4":1,"5":1,"6":3,"7":1},"f":{"0":3,"1":2},"b":{"0":[1,1]},"_coverageSchema":"1a1c01bbd47fc00a2c39e90264f33305004495a9","hash":"58453ab41ac1a0c63d84f010542daa26e060a709"}
,"/home/ghost/Desktop/Projects/Sanchari/frontend/src/components/BottomNav.tsx": {"path":"/home/ghost/Desktop/Projects/Sanchari/frontend/src/components/BottomNav.tsx","statementMap":{"0":{"start":{"line":28,"column":28},"end":{"line":28,"column":52}},"1":{"start":{"line":45,"column":17},"end":{"line":54,"column":1}},"2":{"start":{"line":46,"column":2},"end":{"line":53,"column":8}},"3":{"start":{"line":56,"column":19},"end":{"line":65,"column":1}},"4":{"start":{"line":57,"column":2},"end":{"line":64,"column":8}},"5":{"start":{"line":67,"column":18},"end":{"line":76,"column":1}},"6":{"start":{"line":68,"column":2},"end":{"line":75,"column":8}},"7":{"start":{"line":78,"column":17},"end":{"line":87,"column":1}},"8":{"start":{"line":79,"column":2},"end":{"line":86,"column":8}},"9":{"start":{"line":89,"column":20},"end":{"line":98,"column":1}},"10":{"start":{"line":90,"column":2},"end":{"line":97,"column":8}},"11":{"start":{"line":100,"column":24},"end":{"line":109,"column":1}},"12":{"start":{"line":101,"column":2},"end":{"line":108,"column":8}},"13":{"start":{"line":111,"column":21},"end":{"line":120,"column":1}},"14":{"start":{"line":112,"column":2},"end":{"line":119,"column":8}},"15":{"start":{"line":124,"column":29},"end":{"line":130,"column":1}},"16":{"start":{"line":132,"column":30},"end":{"line":138,"column":1}},"17":{"start":{"line":152,"column":16},"end":{"line":152,"column":53}},"18":{"start":{"line":154,"column":24},"end":{"line":161,"column":3}},"19":{"start":{"line":155,"column":4},"end":{"line":160,"column":15}},"20":{"start":{"line":163,"column":25},"end":{"line":170,"column":3}},"21":{"start":{"line":164,"column":4},"end":{"line":169,"column":15}},"22":{"start":{"line":172,"column":2},"end":{"line":208,"column":4}},"23":{"start":{"line":219,"column":21},"end":{"line":219,"column":45}},"24":{"start":{"line":220,"column":22},"end":{"line":220,"column":30}},"25":{"start":{"line":221,"column":17},"end":{"line":221,"column":36}},"26":{"start":{"line":222,"column":15},"end":{"line":222,"column":57}},"27":{"start":{"line":223,"column":19},"end":{"line":223,"column":30}},"28":{"start":{"line":227,"column":16},"end":{"line":227,"column":35}},"29":{"start":{"line":228,"column":22},"end":{"line":228,"column":24}},"30":{"start":{"line":229,"column":21},"end":{"line":233,"column":11}},"31":{"start":{"line":231,"column":26},"end":{"line":231,"column":45}},"32":{"start":{"line":235,"column":2},"end":{"line":243,"column":43}},"33":{"start":{"line":236,"column":16},"end":{"line":236,"column":56}},"34":{"start":{"line":236,"column":36},"end":{"line":236,"column":55}},"35":{"start":{"line":237,"column":4},"end":{"line":242,"column":15}},"36":{"start":{"line":245,"column":22},"end":{"line":252,"column":3}},"37":{"start":{"line":247,"column":6},"end":{"line":247,"column":31}},"38":{"start":{"line":248,"column":6},"end":{"line":248,"column":28}},"39":{"start":{"line":249,"column":6},"end":{"line":249,"column":45}},"40":{"start":{"line":254,"column":2},"end":{"line":293,"column":4}},"41":{"start":{"line":282,"column":8},"end":{"line":290,"column":10}},"42":{"start":{"line":286,"column":25},"end":{"line":286,"column":42}},"43":{"start":{"line":298,"column":15},"end":{"line":351,"column":2}}},"fnMap":{"0":{"name":"(anonymous_0)","decl":{"start":{"line":45,"column":17},"end":{"line":45,"column":18}},"loc":{"start":{"line":46,"column":2},"end":{"line":53,"column":8}},"line":46},"1":{"name":"(anonymous_1)","decl":{"start":{"line":56,"column":19},"end":{"line":56,"column":20}},"loc":{"start":{"line":57,"column":2},"end":{"line":64,"column":8}},"line":57},"2":{"name":"(anonymous_2)","decl":{"start":{"line":67,"column":18},"end":{"line":67,"column":19}},"loc":{"start":{"line":68,"column":2},"end":{"line":75,"column":8}},"line":68},"3":{"name":"(anonymous_3)","decl":{"start":{"line":78,"column":17},"end":{"line":78,"column":18}},"loc":{"start":{"line":79,"column":2},"end":{"line":86,"column":8}},"line":79},"4":{"name":"(anonymous_4)","decl":{"start":{"line":89,"column":20},"end":{"line":89,"column":21}},"loc":{"start":{"line":90,"column":2},"end":{"line":97,"column":8}},"line":90},"5":{"name":"(anonymous_5)","decl":{"start":{"line":100,"column":24},"end":{"line":100,"column":25}},"loc":{"start":{"line":101,"column":2},"end":{"line":108,"column":8}},"line":101},"6":{"name":"(anonymous_6)","decl":{"start":{"line":111,"column":21},"end":{"line":111,"column":22}},"loc":{"start":{"line":112,"column":2},"end":{"line":119,"column":8}},"line":112},"7":{"name":"TabItem","decl":{"start":{"line":151,"column":9},"end":{"line":151,"column":16}},"loc":{"start":{"line":151,"column":100},"end":{"line":209,"column":1}},"line":151},"8":{"name":"(anonymous_8)","decl":{"start":{"line":154,"column":24},"end":{"line":154,"column":25}},"loc":{"start":{"line":154,"column":30},"end":{"line":161,"column":3}},"line":154},"9":{"name":"(anonymous_9)","decl":{"start":{"line":163,"column":25},"end":{"line":163,"column":26}},"loc":{"start":{"line":163,"column":31},"end":{"line":170,"column":3}},"line":163},"10":{"name":"BottomNav","decl":{"start":{"line":218,"column":16},"end":{"line":218,"column":25}},"loc":{"start":{"line":218,"column":70},"end":{"line":294,"column":1}},"line":218},"11":{"name":"(anonymous_11)","decl":{"start":{"line":231,"column":21},"end":{"line":231,"column":22}},"loc":{"start":{"line":231,"column":26},"end":{"line":231,"column":45}},"line":231},"12":{"name":"(anonymous_12)","decl":{"start":{"line":235,"column":12},"end":{"line":235,"column":13}},"loc":{"start":{"line":235,"column":18},"end":{"line":243,"column":3}},"line":235},"13":{"name":"(anonymous_13)","decl":{"start":{"line":236,"column":31},"end":{"line":236,"column":32}},"loc":{"start":{"line":236,"column":36},"end":{"line":236,"column":55}},"line":236},"14":{"name":"(anonymous_14)","decl":{"start":{"line":246,"column":4},"end":{"line":246,"column":5}},"loc":{"start":{"line":246,"column":23},"end":{"line":250,"column":5}},"line":246},"15":{"name":"(anonymous_15)","decl":{"start":{"line":281,"column":16},"end":{"line":281,"column":17}},"loc":{"start":{"line":282,"column":8},"end":{"line":290,"column":10}},"line":282},"16":{"name":"(anonymous_16)","decl":{"start":{"line":286,"column":19},"end":{"line":286,"column":20}},"loc":{"start":{"line":286,"column":25},"end":{"line":286,"column":42}},"line":286}},"branchMap":{"0":{"loc":{"start":{"line":47,"column":10},"end":{"line":47,"column":33}},"type":"cond-expr","locations":[{"start":{"line":47,"column":19},"end":{"line":47,"column":24}},{"start":{"line":47,"column":27},"end":{"line":47,"column":33}}],"line":47},"1":{"loc":{"start":{"line":48,"column":12},"end":{"line":48,"column":38}},"type":"cond-expr","locations":[{"start":{"line":48,"column":21},"end":{"line":48,"column":26}},{"start":{"line":48,"column":29},"end":{"line":48,"column":38}}],"line":48},"2":{"loc":{"start":{"line":59,"column":12},"end":{"line":59,"column":40}},"type":"cond-expr","locations":[{"start":{"line":59,"column":22},"end":{"line":59,"column":28}},{"start":{"line":59,"column":31},"end":{"line":59,"column":40}}],"line":59},"3":{"loc":{"start":{"line":69,"column":10},"end":{"line":69,"column":33}},"type":"cond-expr","locations":[{"start":{"line":69,"column":19},"end":{"line":69,"column":24}},{"start":{"line":69,"column":27},"end":{"line":69,"column":33}}],"line":69},"4":{"loc":{"start":{"line":70,"column":12},"end":{"line":70,"column":38}},"type":"cond-expr","locations":[{"start":{"line":70,"column":21},"end":{"line":70,"column":26}},{"start":{"line":70,"column":29},"end":{"line":70,"column":38}}],"line":70},"5":{"loc":{"start":{"line":80,"column":10},"end":{"line":80,"column":33}},"type":"cond-expr","locations":[{"start":{"line":80,"column":19},"end":{"line":80,"column":24}},{"start":{"line":80,"column":27},"end":{"line":80,"column":33}}],"line":80},"6":{"loc":{"start":{"line":81,"column":12},"end":{"line":81,"column":38}},"type":"cond-expr","locations":[{"start":{"line":81,"column":21},"end":{"line":81,"column":26}},{"start":{"line":81,"column":29},"end":{"line":81,"column":38}}],"line":81},"7":{"loc":{"start":{"line":91,"column":10},"end":{"line":91,"column":33}},"type":"cond-expr","locations":[{"start":{"line":91,"column":19},"end":{"line":91,"column":24}},{"start":{"line":91,"column":27},"end":{"line":91,"column":33}}],"line":91},"8":{"loc":{"start":{"line":92,"column":12},"end":{"line":92,"column":38}},"type":"cond-expr","locations":[{"start":{"line":92,"column":21},"end":{"line":92,"column":26}},{"start":{"line":92,"column":29},"end":{"line":92,"column":38}}],"line":92},"9":{"loc":{"start":{"line":102,"column":10},"end":{"line":102,"column":33}},"type":"cond-expr","locations":[{"start":{"line":102,"column":19},"end":{"line":102,"column":24}},{"start":{"line":102,"column":27},"end":{"line":102,"column":33}}],"line":102},"10":{"loc":{"start":{"line":103,"column":12},"end":{"line":103,"column":38}},"type":"cond-expr","locations":[{"start":{"line":103,"column":21},"end":{"line":103,"column":26}},{"start":{"line":103,"column":29},"end":{"line":103,"column":38}}],"line":103},"11":{"loc":{"start":{"line":113,"column":10},"end":{"line":113,"column":33}},"type":"cond-expr","locations":[{"start":{"line":113,"column":19},"end":{"line":113,"column":24}},{"start":{"line":113,"column":27},"end":{"line":113,"column":33}}],"line":113},"12":{"loc":{"start":{"line":114,"column":12},"end":{"line":114,"column":38}},"type":"cond-expr","locations":[{"start":{"line":114,"column":21},"end":{"line":114,"column":26}},{"start":{"line":114,"column":29},"end":{"line":114,"column":38}}],"line":114},"13":{"loc":{"start":{"line":186,"column":11},"end":{"line":193,"column":11}},"type":"binary-expr","locations":[{"start":{"line":186,"column":11},"end":{"line":186,"column":31}},{"start":{"line":187,"column":12},"end":{"line":192,"column":14}}],"line":186},"14":{"loc":{"start":{"line":200,"column":21},"end":{"line":200,"column":56}},"type":"cond-expr","locations":[{"start":{"line":200,"column":32},"end":{"line":200,"column":44}},{"start":{"line":200,"column":47},"end":{"line":200,"column":56}}],"line":200},"15":{"loc":{"start":{"line":201,"column":12},"end":{"line":201,"column":45}},"type":"binary-expr","locations":[{"start":{"line":201,"column":12},"end":{"line":201,"column":20}},{"start":{"line":201,"column":24},"end":{"line":201,"column":45}}],"line":201},"16":{"loc":{"start":{"line":222,"column":15},"end":{"line":222,"column":57}},"type":"cond-expr","locations":[{"start":{"line":222,"column":35},"end":{"line":222,"column":45}},{"start":{"line":222,"column":48},"end":{"line":222,"column":57}}],"line":222}},"s":{"0":1,"1":1,"2":3,"3":1,"4":3,"5":1,"6":3,"7":1,"8":3,"9":1,"10":3,"11":1,"12":0,"13":1,"14":0,"15":1,"16":1,"17":15,"18":15,"19":1,"20":15,"21":1,"22":15,"23":3,"24":3,"25":3,"26":3,"27":3,"28":3,"29":3,"30":3,"31":3,"32":3,"33":3,"34":3,"35":3,"36":3,"37":1,"38":1,"39":1,"40":3,"41":15,"42":1,"43":1},"f":{"0":3,"1":3,"2":3,"3":3,"4":3,"5":0,"6":0,"7":15,"8":1,"9":1,"10":3,"11":3,"12":3,"13":3,"14":1,"15":15,"16":1},"b":{"0":[3,0],"1":[3,0],"2":[0,3],"3":[0,3],"4":[0,3],"5":[0,3],"6":[0,3],"7":[0,3],"8":[0,3],"9":[0,0],"10":[0,0],"11":[0,0],"12":[0,0],"13":[15,3],"14":[3,12],"15":[15,3],"16":[0,3]},"_coverageSchema":"1a1c01bbd47fc00a2c39e90264f33305004495a9","hash":"b206f681f1281eeb0d434e3efc8718a529f01597"}
,"/home/ghost/Desktop/Projects/Sanchari/frontend/src/components/ClockTimePicker.tsx": {"path":"/home/ghost/Desktop/Projects/Sanchari/frontend/src/components/ClockTimePicker.tsx","statementMap":{"0":{"start":{"line":30,"column":21},"end":{"line":30,"column":24}},"1":{"start":{"line":31,"column":21},"end":{"line":31,"column":35}},"2":{"start":{"line":32,"column":21},"end":{"line":32,"column":24}},"3":{"start":{"line":33,"column":21},"end":{"line":33,"column":23}},"4":{"start":{"line":34,"column":21},"end":{"line":34,"column":23}},"5":{"start":{"line":35,"column":21},"end":{"line":35,"column":22}},"6":{"start":{"line":38,"column":16},"end":{"line":38,"column":73}},"7":{"start":{"line":39,"column":16},"end":{"line":39,"column":73}},"8":{"start":{"line":45,"column":14},"end":{"line":45,"column":58}},"9":{"start":{"line":46,"column":2},"end":{"line":46,"column":48}},"10":{"start":{"line":51,"column":14},"end":{"line":51,"column":45}},"11":{"start":{"line":52,"column":2},"end":{"line":55,"column":4}},"12":{"start":{"line":61,"column":35},"end":{"line":61,"column":47}},"13":{"start":{"line":62,"column":14},"end":{"line":62,"column":59}},"14":{"start":{"line":63,"column":15},"end":{"line":63,"column":60}},"15":{"start":{"line":64,"column":2},"end":{"line":68,"column":4}},"16":{"start":{"line":88,"column":16},"end":{"line":88,"column":24}},"17":{"start":{"line":90,"column":30},"end":{"line":90,"column":41}},"18":{"start":{"line":91,"column":30},"end":{"line":91,"column":41}},"19":{"start":{"line":92,"column":30},"end":{"line":92,"column":45}},"20":{"start":{"line":93,"column":30},"end":{"line":93,"column":68}},"21":{"start":{"line":96,"column":2},"end":{"line":104,"column":29}},"22":{"start":{"line":97,"column":4},"end":{"line":103,"column":5}},"23":{"start":{"line":98,"column":16},"end":{"line":98,"column":40}},"24":{"start":{"line":99,"column":6},"end":{"line":99,"column":22}},"25":{"start":{"line":100,"column":6},"end":{"line":100,"column":26}},"26":{"start":{"line":101,"column":6},"end":{"line":101,"column":22}},"27":{"start":{"line":102,"column":6},"end":{"line":102,"column":23}},"28":{"start":{"line":108,"column":22},"end":{"line":116,"column":12}},"29":{"start":{"line":109,"column":37},"end":{"line":109,"column":50}},"30":{"start":{"line":110,"column":16},"end":{"line":110,"column":70}},"31":{"start":{"line":111,"column":4},"end":{"line":115,"column":5}},"32":{"start":{"line":112,"column":6},"end":{"line":112,"column":26}},"33":{"start":{"line":114,"column":6},"end":{"line":114,"column":30}},"34":{"start":{"line":119,"column":24},"end":{"line":121,"column":12}},"35":{"start":{"line":120,"column":4},"end":{"line":120,"column":45}},"36":{"start":{"line":120,"column":26},"end":{"line":120,"column":45}},"37":{"start":{"line":125,"column":24},"end":{"line":132,"column":37}},"38":{"start":{"line":126,"column":14},"end":{"line":126,"column":18}},"39":{"start":{"line":127,"column":4},"end":{"line":127,"column":46}},"40":{"start":{"line":127,"column":30},"end":{"line":127,"column":46}},"41":{"start":{"line":128,"column":4},"end":{"line":128,"column":38}},"42":{"start":{"line":128,"column":30},"end":{"line":128,"column":38}},"43":{"start":{"line":129,"column":4},"end":{"line":131,"column":6}},"44":{"start":{"line":136,"column":20},"end":{"line":138,"column":23}},"45":{"start":{"line":139,"column":18},"end":{"line":139,"column":49}},"46":{"start":{"line":141,"column":19},"end":{"line":141,"column":51}},"47":{"start":{"line":142,"column":19},"end":{"line":142,"column":53}},"48":{"start":{"line":146,"column":2},"end":{"line":304,"column":4}},"49":{"start":{"line":163,"column":65},"end":{"line":163,"column":81}},"50":{"start":{"line":175,"column":67},"end":{"line":175,"column":85}},"51":{"start":{"line":188,"column":33},"end":{"line":188,"column":47}},"52":{"start":{"line":195,"column":33},"end":{"line":195,"column":46}},"53":{"start":{"line":227,"column":37},"end":{"line":227,"column":65}},"54":{"start":{"line":228,"column":20},"end":{"line":239,"column":22}},"55":{"start":{"line":242,"column":37},"end":{"line":242,"column":65}},"56":{"start":{"line":243,"column":20},"end":{"line":254,"column":22}},"57":{"start":{"line":267,"column":47},"end":{"line":267,"column":51}},"58":{"start":{"line":268,"column":46},"end":{"line":268,"column":50}},"59":{"start":{"line":309,"column":15},"end":{"line":410,"column":2}}},"fnMap":{"0":{"name":"clockAngle","decl":{"start":{"line":44,"column":9},"end":{"line":44,"column":19}},"loc":{"start":{"line":44,"column":60},"end":{"line":47,"column":1}},"line":44},"1":{"name":"polarXY","decl":{"start":{"line":50,"column":9},"end":{"line":50,"column":16}},"loc":{"start":{"line":50,"column":51},"end":{"line":56,"column":1}},"line":50},"2":{"name":"parseTime24","decl":{"start":{"line":60,"column":9},"end":{"line":60,"column":20}},"loc":{"start":{"line":60,"column":81},"end":{"line":69,"column":1}},"line":60},"3":{"name":"ClockTimePicker","decl":{"start":{"line":82,"column":16},"end":{"line":82,"column":31}},"loc":{"start":{"line":87,"column":25},"end":{"line":305,"column":1}},"line":87},"4":{"name":"(anonymous_4)","decl":{"start":{"line":96,"column":12},"end":{"line":96,"column":13}},"loc":{"start":{"line":96,"column":18},"end":{"line":104,"column":3}},"line":96},"5":{"name":"(anonymous_5)","decl":{"start":{"line":108,"column":34},"end":{"line":108,"column":35}},"loc":{"start":{"line":108,"column":64},"end":{"line":116,"column":3}},"line":108},"6":{"name":"(anonymous_6)","decl":{"start":{"line":119,"column":36},"end":{"line":119,"column":37}},"loc":{"start":{"line":119,"column":42},"end":{"line":121,"column":3}},"line":119},"7":{"name":"(anonymous_7)","decl":{"start":{"line":125,"column":36},"end":{"line":125,"column":37}},"loc":{"start":{"line":125,"column":42},"end":{"line":132,"column":3}},"line":125},"8":{"name":"(anonymous_8)","decl":{"start":{"line":163,"column":59},"end":{"line":163,"column":60}},"loc":{"start":{"line":163,"column":65},"end":{"line":163,"column":81}},"line":163},"9":{"name":"(anonymous_9)","decl":{"start":{"line":175,"column":61},"end":{"line":175,"column":62}},"loc":{"start":{"line":175,"column":67},"end":{"line":175,"column":85}},"line":175},"10":{"name":"(anonymous_10)","decl":{"start":{"line":188,"column":27},"end":{"line":188,"column":28}},"loc":{"start":{"line":188,"column":33},"end":{"line":188,"column":47}},"line":188},"11":{"name":"(anonymous_11)","decl":{"start":{"line":195,"column":27},"end":{"line":195,"column":28}},"loc":{"start":{"line":195,"column":33},"end":{"line":195,"column":46}},"line":195},"12":{"name":"(anonymous_12)","decl":{"start":{"line":226,"column":28},"end":{"line":226,"column":29}},"loc":{"start":{"line":226,"column":38},"end":{"line":240,"column":19}},"line":226},"13":{"name":"(anonymous_13)","decl":{"start":{"line":241,"column":30},"end":{"line":241,"column":31}},"loc":{"start":{"line":241,"column":40},"end":{"line":255,"column":19}},"line":241},"14":{"name":"(anonymous_14)","decl":{"start":{"line":267,"column":41},"end":{"line":267,"column":42}},"loc":{"start":{"line":267,"column":47},"end":{"line":267,"column":51}},"line":267},"15":{"name":"(anonymous_15)","decl":{"start":{"line":268,"column":40},"end":{"line":268,"column":41}},"loc":{"start":{"line":268,"column":46},"end":{"line":268,"column":50}},"line":268}},"branchMap":{"0":{"loc":{"start":{"line":61,"column":9},"end":{"line":61,"column":19}},"type":"default-arg","locations":[{"start":{"line":61,"column":16},"end":{"line":61,"column":19}}],"line":61},"1":{"loc":{"start":{"line":61,"column":21},"end":{"line":61,"column":31}},"type":"default-arg","locations":[{"start":{"line":61,"column":28},"end":{"line":61,"column":31}}],"line":61},"2":{"loc":{"start":{"line":65,"column":12},"end":{"line":65,"column":54}},"type":"cond-expr","locations":[{"start":{"line":65,"column":24},"end":{"line":65,"column":26}},{"start":{"line":65,"column":29},"end":{"line":65,"column":54}}],"line":65},"3":{"loc":{"start":{"line":65,"column":29},"end":{"line":65,"column":54}},"type":"cond-expr","locations":[{"start":{"line":65,"column":40},"end":{"line":65,"column":48}},{"start":{"line":65,"column":51},"end":{"line":65,"column":54}}],"line":65},"4":{"loc":{"start":{"line":97,"column":4},"end":{"line":103,"column":5}},"type":"if","locations":[{"start":{"line":97,"column":4},"end":{"line":103,"column":5}},{"start":{},"end":{}}],"line":97},"5":{"loc":{"start":{"line":111,"column":4},"end":{"line":115,"column":5}},"type":"if","locations":[{"start":{"line":111,"column":4},"end":{"line":115,"column":5}},{"start":{"line":113,"column":11},"end":{"line":115,"column":5}}],"line":111},"6":{"loc":{"start":{"line":120,"column":4},"end":{"line":120,"column":45}},"type":"if","locations":[{"start":{"line":120,"column":4},"end":{"line":120,"column":45}},{"start":{},"end":{}}],"line":120},"7":{"loc":{"start":{"line":127,"column":4},"end":{"line":127,"column":46}},"type":"if","locations":[{"start":{"line":127,"column":4},"end":{"line":127,"column":46}},{"start":{},"end":{}}],"line":127},"8":{"loc":{"start":{"line":127,"column":8},"end":{"line":127,"column":28}},"type":"binary-expr","locations":[{"start":{"line":127,"column":8},"end":{"line":127,"column":12}},{"start":{"line":127,"column":17},"end":{"line":127,"column":28}}],"line":127},"9":{"loc":{"start":{"line":128,"column":4},"end":{"line":128,"column":38}},"type":"if","locations":[{"start":{"line":128,"column":4},"end":{"line":128,"column":38}},{"start":{},"end":{}}],"line":128},"10":{"loc":{"start":{"line":128,"column":8},"end":{"line":128,"column":28}},"type":"binary-expr","locations":[{"start":{"line":128,"column":8},"end":{"line":128,"column":13}},{"start":{"line":128,"column":17},"end":{"line":128,"column":28}}],"line":128},"11":{"loc":{"start":{"line":136,"column":20},"end":{"line":138,"column":23}},"type":"cond-expr","locations":[{"start":{"line":137,"column":6},"end":{"line":137,"column":53}},{"start":{"line":138,"column":6},"end":{"line":138,"column":23}}],"line":136},"12":{"loc":{"start":{"line":166,"column":18},"end":{"line":166,"column":73}},"type":"cond-expr","locations":[{"start":{"line":166,"column":37},"end":{"line":166,"column":55}},{"start":{"line":166,"column":58},"end":{"line":166,"column":73}}],"line":166},"13":{"loc":{"start":{"line":178,"column":18},"end":{"line":178,"column":75}},"type":"cond-expr","locations":[{"start":{"line":178,"column":39},"end":{"line":178,"column":57}},{"start":{"line":178,"column":60},"end":{"line":178,"column":75}}],"line":178},"14":{"loc":{"start":{"line":189,"column":43},"end":{"line":189,"column":73}},"type":"binary-expr","locations":[{"start":{"line":189,"column":43},"end":{"line":189,"column":48}},{"start":{"line":189,"column":52},"end":{"line":189,"column":73}}],"line":189},"15":{"loc":{"start":{"line":196,"column":43},"end":{"line":196,"column":72}},"type":"binary-expr","locations":[{"start":{"line":196,"column":43},"end":{"line":196,"column":47}},{"start":{"line":196,"column":51},"end":{"line":196,"column":72}}],"line":196},"16":{"loc":{"start":{"line":225,"column":15},"end":{"line":255,"column":20}},"type":"cond-expr","locations":[{"start":{"line":226,"column":18},"end":{"line":240,"column":20}},{"start":{"line":241,"column":18},"end":{"line":255,"column":20}}],"line":225},"17":{"loc":{"start":{"line":234,"column":36},"end":{"line":234,"column":62}},"type":"cond-expr","locations":[{"start":{"line":234,"column":49},"end":{"line":234,"column":54}},{"start":{"line":234,"column":57},"end":{"line":234,"column":62}}],"line":234},"18":{"loc":{"start":{"line":235,"column":30},"end":{"line":235,"column":61}},"type":"cond-expr","locations":[{"start":{"line":235,"column":43},"end":{"line":235,"column":52}},{"start":{"line":235,"column":55},"end":{"line":235,"column":61}}],"line":235},"19":{"loc":{"start":{"line":249,"column":36},"end":{"line":249,"column":64}},"type":"cond-expr","locations":[{"start":{"line":249,"column":51},"end":{"line":249,"column":56}},{"start":{"line":249,"column":59},"end":{"line":249,"column":64}}],"line":249},"20":{"loc":{"start":{"line":250,"column":30},"end":{"line":250,"column":63}},"type":"cond-expr","locations":[{"start":{"line":250,"column":45},"end":{"line":250,"column":54}},{"start":{"line":250,"column":57},"end":{"line":250,"column":63}}],"line":250},"21":{"loc":{"start":{"line":277,"column":13},"end":{"line":277,"column":63}},"type":"cond-expr","locations":[{"start":{"line":277,"column":32},"end":{"line":277,"column":45}},{"start":{"line":277,"column":48},"end":{"line":277,"column":63}}],"line":277}},"s":{"0":1,"1":1,"2":1,"3":1,"4":1,"5":1,"6":1,"7":1,"8":2,"9":2,"10":286,"11":286,"12":7,"13":7,"14":7,"15":7,"16":22,"17":22,"18":22,"19":22,"20":22,"21":22,"22":7,"23":7,"24":7,"25":7,"26":7,"27":7,"28":22,"29":2,"30":2,"31":2,"32":1,"33":1,"34":22,"35":1,"36":1,"37":22,"38":3,"39":3,"40":1,"41":3,"42":1,"43":3,"44":22,"45":22,"46":22,"47":22,"48":22,"49":1,"50":2,"51":1,"52":2,"53":228,"54":228,"55":36,"56":36,"57":3,"58":3,"59":1},"f":{"0":2,"1":286,"2":7,"3":22,"4":7,"5":2,"6":1,"7":3,"8":1,"9":2,"10":1,"11":2,"12":228,"13":36,"14":3,"15":3},"b":{"0":[0],"1":[0],"2":[1,6],"3":[0,6],"4":[7,0],"5":[1,1],"6":[1,0],"7":[1,2],"8":[3,2],"9":[1,2],"10":[3,1],"11":[19,3],"12":[19,3],"13":[3,19],"14":[22,19],"15":[22,3],"16":[19,3],"17":[19,209],"18":[19,209],"19":[3,33],"20":[3,33],"21":[19,3]},"_coverageSchema":"1a1c01bbd47fc00a2c39e90264f33305004495a9","hash":"4bd401d439933bac402e99b35d6f30d58a1ab9d2"}
,"/home/ghost/Desktop/Projects/Sanchari/frontend/src/components/CustomTabBar.tsx": {"path":"/home/ghost/Desktop/Projects/Sanchari/frontend/src/components/CustomTabBar.tsx","statementMap":{"0":{"start":{"line":26,"column":28},"end":{"line":26,"column":52}},"1":{"start":{"line":30,"column":17},"end":{"line":39,"column":1}},"2":{"start":{"line":31,"column":2},"end":{"line":38,"column":8}},"3":{"start":{"line":41,"column":19},"end":{"line":50,"column":1}},"4":{"start":{"line":42,"column":2},"end":{"line":49,"column":8}},"5":{"start":{"line":52,"column":18},"end":{"line":61,"column":1}},"6":{"start":{"line":53,"column":2},"end":{"line":60,"column":8}},"7":{"start":{"line":63,"column":17},"end":{"line":72,"column":1}},"8":{"start":{"line":64,"column":2},"end":{"line":71,"column":8}},"9":{"start":{"line":74,"column":20},"end":{"line":83,"column":1}},"10":{"start":{"line":75,"column":2},"end":{"line":82,"column":8}},"11":{"start":{"line":85,"column":21},"end":{"line":94,"column":1}},"12":{"start":{"line":86,"column":2},"end":{"line":93,"column":8}},"13":{"start":{"line":96,"column":23},"end":{"line":104,"column":1}},"14":{"start":{"line":97,"column":2},"end":{"line":103,"column":8}},"15":{"start":{"line":107,"column":88},"end":{"line":117,"column":1}},"16":{"start":{"line":130,"column":16},"end":{"line":130,"column":53}},"17":{"start":{"line":132,"column":24},"end":{"line":134,"column":3}},"18":{"start":{"line":133,"column":4},"end":{"line":133,"column":103}},"19":{"start":{"line":135,"column":25},"end":{"line":137,"column":3}},"20":{"start":{"line":136,"column":4},"end":{"line":136,"column":100}},"21":{"start":{"line":139,"column":21},"end":{"line":139,"column":39}},"22":{"start":{"line":141,"column":2},"end":{"line":165,"column":4}},"23":{"start":{"line":171,"column":16},"end":{"line":171,"column":24}},"24":{"start":{"line":172,"column":17},"end":{"line":172,"column":36}},"25":{"start":{"line":173,"column":19},"end":{"line":173,"column":38}},"26":{"start":{"line":175,"column":16},"end":{"line":175,"column":35}},"27":{"start":{"line":176,"column":22},"end":{"line":176,"column":24}},"28":{"start":{"line":177,"column":21},"end":{"line":179,"column":11}},"29":{"start":{"line":181,"column":2},"end":{"line":188,"column":39}},"30":{"start":{"line":182,"column":4},"end":{"line":187,"column":15}},"31":{"start":{"line":190,"column":22},"end":{"line":199,"column":3}},"32":{"start":{"line":192,"column":6},"end":{"line":192,"column":31}},"33":{"start":{"line":193,"column":20},"end":{"line":193,"column":100}},"34":{"start":{"line":194,"column":6},"end":{"line":196,"column":7}},"35":{"start":{"line":195,"column":8},"end":{"line":195,"column":39}},"36":{"start":{"line":201,"column":2},"end":{"line":243,"column":4}},"37":{"start":{"line":227,"column":28},"end":{"line":227,"column":50}},"38":{"start":{"line":228,"column":22},"end":{"line":228,"column":61}},"39":{"start":{"line":229,"column":26},"end":{"line":229,"column":47}},"40":{"start":{"line":231,"column":8},"end":{"line":240,"column":10}},"41":{"start":{"line":237,"column":27},"end":{"line":237,"column":72}},"42":{"start":{"line":248,"column":15},"end":{"line":284,"column":2}}},"fnMap":{"0":{"name":"(anonymous_0)","decl":{"start":{"line":30,"column":17},"end":{"line":30,"column":18}},"loc":{"start":{"line":31,"column":2},"end":{"line":38,"column":8}},"line":31},"1":{"name":"(anonymous_1)","decl":{"start":{"line":41,"column":19},"end":{"line":41,"column":20}},"loc":{"start":{"line":42,"column":2},"end":{"line":49,"column":8}},"line":42},"2":{"name":"(anonymous_2)","decl":{"start":{"line":52,"column":18},"end":{"line":52,"column":19}},"loc":{"start":{"line":53,"column":2},"end":{"line":60,"column":8}},"line":53},"3":{"name":"(anonymous_3)","decl":{"start":{"line":63,"column":17},"end":{"line":63,"column":18}},"loc":{"start":{"line":64,"column":2},"end":{"line":71,"column":8}},"line":64},"4":{"name":"(anonymous_4)","decl":{"start":{"line":74,"column":20},"end":{"line":74,"column":21}},"loc":{"start":{"line":75,"column":2},"end":{"line":82,"column":8}},"line":75},"5":{"name":"(anonymous_5)","decl":{"start":{"line":85,"column":21},"end":{"line":85,"column":22}},"loc":{"start":{"line":86,"column":2},"end":{"line":93,"column":8}},"line":86},"6":{"name":"(anonymous_6)","decl":{"start":{"line":96,"column":23},"end":{"line":96,"column":24}},"loc":{"start":{"line":97,"column":2},"end":{"line":103,"column":8}},"line":97},"7":{"name":"TabItem","decl":{"start":{"line":129,"column":9},"end":{"line":129,"column":16}},"loc":{"start":{"line":129,"column":86},"end":{"line":166,"column":1}},"line":129},"8":{"name":"(anonymous_8)","decl":{"start":{"line":132,"column":24},"end":{"line":132,"column":25}},"loc":{"start":{"line":132,"column":30},"end":{"line":134,"column":3}},"line":132},"9":{"name":"(anonymous_9)","decl":{"start":{"line":135,"column":25},"end":{"line":135,"column":26}},"loc":{"start":{"line":135,"column":31},"end":{"line":137,"column":3}},"line":135},"10":{"name":"CustomTabBar","decl":{"start":{"line":170,"column":16},"end":{"line":170,"column":28}},"loc":{"start":{"line":170,"column":84},"end":{"line":244,"column":1}},"line":170},"11":{"name":"(anonymous_11)","decl":{"start":{"line":181,"column":12},"end":{"line":181,"column":13}},"loc":{"start":{"line":181,"column":18},"end":{"line":188,"column":3}},"line":181},"12":{"name":"(anonymous_12)","decl":{"start":{"line":191,"column":4},"end":{"line":191,"column":5}},"loc":{"start":{"line":191,"column":65},"end":{"line":197,"column":5}},"line":191},"13":{"name":"(anonymous_13)","decl":{"start":{"line":226,"column":24},"end":{"line":226,"column":25}},"loc":{"start":{"line":226,"column":42},"end":{"line":241,"column":7}},"line":226},"14":{"name":"(anonymous_14)","decl":{"start":{"line":237,"column":21},"end":{"line":237,"column":22}},"loc":{"start":{"line":237,"column":27},"end":{"line":237,"column":72}},"line":237}},"branchMap":{"0":{"loc":{"start":{"line":32,"column":10},"end":{"line":32,"column":33}},"type":"cond-expr","locations":[{"start":{"line":32,"column":19},"end":{"line":32,"column":24}},{"start":{"line":32,"column":27},"end":{"line":32,"column":33}}],"line":32},"1":{"loc":{"start":{"line":33,"column":12},"end":{"line":33,"column":38}},"type":"cond-expr","locations":[{"start":{"line":33,"column":21},"end":{"line":33,"column":26}},{"start":{"line":33,"column":29},"end":{"line":33,"column":38}}],"line":33},"2":{"loc":{"start":{"line":44,"column":12},"end":{"line":44,"column":38}},"type":"cond-expr","locations":[{"start":{"line":44,"column":21},"end":{"line":44,"column":26}},{"start":{"line":44,"column":29},"end":{"line":44,"column":38}}],"line":44},"3":{"loc":{"start":{"line":54,"column":10},"end":{"line":54,"column":33}},"type":"cond-expr","locations":[{"start":{"line":54,"column":19},"end":{"line":54,"column":24}},{"start":{"line":54,"column":27},"end":{"line":54,"column":33}}],"line":54},"4":{"loc":{"start":{"line":55,"column":12},"end":{"line":55,"column":38}},"type":"cond-expr","locations":[{"start":{"line":55,"column":21},"end":{"line":55,"column":26}},{"start":{"line":55,"column":29},"end":{"line":55,"column":38}}],"line":55},"5":{"loc":{"start":{"line":65,"column":10},"end":{"line":65,"column":33}},"type":"cond-expr","locations":[{"start":{"line":65,"column":19},"end":{"line":65,"column":24}},{"start":{"line":65,"column":27},"end":{"line":65,"column":33}}],"line":65},"6":{"loc":{"start":{"line":66,"column":12},"end":{"line":66,"column":38}},"type":"cond-expr","locations":[{"start":{"line":66,"column":21},"end":{"line":66,"column":26}},{"start":{"line":66,"column":29},"end":{"line":66,"column":38}}],"line":66},"7":{"loc":{"start":{"line":76,"column":10},"end":{"line":76,"column":33}},"type":"cond-expr","locations":[{"start":{"line":76,"column":19},"end":{"line":76,"column":24}},{"start":{"line":76,"column":27},"end":{"line":76,"column":33}}],"line":76},"8":{"loc":{"start":{"line":77,"column":12},"end":{"line":77,"column":38}},"type":"cond-expr","locations":[{"start":{"line":77,"column":21},"end":{"line":77,"column":26}},{"start":{"line":77,"column":29},"end":{"line":77,"column":38}}],"line":77},"9":{"loc":{"start":{"line":87,"column":10},"end":{"line":87,"column":33}},"type":"cond-expr","locations":[{"start":{"line":87,"column":19},"end":{"line":87,"column":24}},{"start":{"line":87,"column":27},"end":{"line":87,"column":33}}],"line":87},"10":{"loc":{"start":{"line":88,"column":12},"end":{"line":88,"column":38}},"type":"cond-expr","locations":[{"start":{"line":88,"column":21},"end":{"line":88,"column":26}},{"start":{"line":88,"column":29},"end":{"line":88,"column":38}}],"line":88},"11":{"loc":{"start":{"line":98,"column":10},"end":{"line":98,"column":33}},"type":"cond-expr","locations":[{"start":{"line":98,"column":19},"end":{"line":98,"column":24}},{"start":{"line":98,"column":27},"end":{"line":98,"column":33}}],"line":98},"12":{"loc":{"start":{"line":99,"column":12},"end":{"line":99,"column":38}},"type":"cond-expr","locations":[{"start":{"line":99,"column":21},"end":{"line":99,"column":26}},{"start":{"line":99,"column":29},"end":{"line":99,"column":38}}],"line":99},"13":{"loc":{"start":{"line":152,"column":11},"end":{"line":152,"column":65}},"type":"cond-expr","locations":[{"start":{"line":152,"column":24},"end":{"line":152,"column":58}},{"start":{"line":152,"column":61},"end":{"line":152,"column":65}}],"line":152},"14":{"loc":{"start":{"line":157,"column":21},"end":{"line":157,"column":56}},"type":"cond-expr","locations":[{"start":{"line":157,"column":32},"end":{"line":157,"column":44}},{"start":{"line":157,"column":47},"end":{"line":157,"column":56}}],"line":157},"15":{"loc":{"start":{"line":158,"column":12},"end":{"line":158,"column":45}},"type":"binary-expr","locations":[{"start":{"line":158,"column":12},"end":{"line":158,"column":20}},{"start":{"line":158,"column":24},"end":{"line":158,"column":45}}],"line":158},"16":{"loc":{"start":{"line":194,"column":6},"end":{"line":196,"column":7}},"type":"if","locations":[{"start":{"line":194,"column":6},"end":{"line":196,"column":7}},{"start":{},"end":{}}],"line":194},"17":{"loc":{"start":{"line":194,"column":10},"end":{"line":194,"column":47}},"type":"binary-expr","locations":[{"start":{"line":194,"column":10},"end":{"line":194,"column":20}},{"start":{"line":194,"column":24},"end":{"line":194,"column":47}}],"line":194},"18":{"loc":{"start":{"line":228,"column":23},"end":{"line":228,"column":50}},"type":"binary-expr","locations":[{"start":{"line":228,"column":23},"end":{"line":228,"column":36}},{"start":{"line":228,"column":40},"end":{"line":228,"column":50}}],"line":228}},"s":{"0":1,"1":1,"2":4,"3":1,"4":4,"5":1,"6":0,"7":1,"8":0,"9":1,"10":0,"11":1,"12":0,"13":1,"14":0,"15":1,"16":8,"17":8,"18":1,"19":8,"20":1,"21":8,"22":8,"23":4,"24":4,"25":4,"26":4,"27":4,"28":4,"29":4,"30":4,"31":4,"32":2,"33":2,"34":2,"35":1,"36":4,"37":8,"38":8,"39":8,"40":8,"41":2,"42":1},"f":{"0":4,"1":4,"2":0,"3":0,"4":0,"5":0,"6":0,"7":8,"8":1,"9":1,"10":4,"11":4,"12":2,"13":8,"14":2},"b":{"0":[4,0],"1":[4,0],"2":[0,4],"3":[0,0],"4":[0,0],"5":[0,0],"6":[0,0],"7":[0,0],"8":[0,0],"9":[0,0],"10":[0,0],"11":[0,0],"12":[0,0],"13":[8,0],"14":[4,4],"15":[8,4],"16":[1,1],"17":[2,2],"18":[8,0]},"_coverageSchema":"1a1c01bbd47fc00a2c39e90264f33305004495a9","hash":"3d5a25360243c0857435880186a78708c926ac6d"}
,"/home/ghost/Desktop/Projects/Sanchari/frontend/src/components/DriverLoginModal.tsx": {"path":"/home/ghost/Desktop/Projects/Sanchari/frontend/src/components/DriverLoginModal.tsx","statementMap":{"0":{"start":{"line":29,"column":29},"end":{"line":29,"column":53}},"1":{"start":{"line":33,"column":14},"end":{"line":49,"column":10}},"2":{"start":{"line":61,"column":21},"end":{"line":61,"column":45}},"3":{"start":{"line":62,"column":25},"end":{"line":62,"column":33}},"4":{"start":{"line":65,"column":17},"end":{"line":65,"column":61}},"5":{"start":{"line":67,"column":2},"end":{"line":76,"column":24}},"6":{"start":{"line":68,"column":4},"end":{"line":75,"column":5}},"7":{"start":{"line":69,"column":6},"end":{"line":74,"column":17}},"8":{"start":{"line":79,"column":22},"end":{"line":90,"column":23}},"9":{"start":{"line":80,"column":4},"end":{"line":89,"column":7}},"10":{"start":{"line":87,"column":6},"end":{"line":87,"column":32}},"11":{"start":{"line":88,"column":6},"end":{"line":88,"column":16}},"12":{"start":{"line":92,"column":23},"end":{"line":98,"column":40}},"13":{"start":{"line":93,"column":4},"end":{"line":93,"column":22}},"14":{"start":{"line":94,"column":4},"end":{"line":94,"column":18}},"15":{"start":{"line":95,"column":4},"end":{"line":97,"column":12}},"16":{"start":{"line":96,"column":6},"end":{"line":96,"column":45}},"17":{"start":{"line":100,"column":2},"end":{"line":246,"column":4}},"18":{"start":{"line":175,"column":14},"end":{"line":206,"column":21}},"19":{"start":{"line":251,"column":15},"end":{"line":413,"column":2}}},"fnMap":{"0":{"name":"DriverLoginModal","decl":{"start":{"line":60,"column":16},"end":{"line":60,"column":32}},"loc":{"start":{"line":60,"column":78},"end":{"line":247,"column":1}},"line":60},"1":{"name":"(anonymous_1)","decl":{"start":{"line":67,"column":12},"end":{"line":67,"column":13}},"loc":{"start":{"line":67,"column":18},"end":{"line":76,"column":3}},"line":67},"2":{"name":"(anonymous_2)","decl":{"start":{"line":79,"column":34},"end":{"line":79,"column":35}},"loc":{"start":{"line":79,"column":40},"end":{"line":90,"column":3}},"line":79},"3":{"name":"(anonymous_3)","decl":{"start":{"line":85,"column":13},"end":{"line":85,"column":14}},"loc":{"start":{"line":85,"column":19},"end":{"line":89,"column":5}},"line":85},"4":{"name":"(anonymous_4)","decl":{"start":{"line":92,"column":35},"end":{"line":92,"column":36}},"loc":{"start":{"line":92,"column":41},"end":{"line":98,"column":3}},"line":92},"5":{"name":"(anonymous_5)","decl":{"start":{"line":95,"column":15},"end":{"line":95,"column":16}},"loc":{"start":{"line":95,"column":21},"end":{"line":97,"column":5}},"line":95},"6":{"name":"(anonymous_6)","decl":{"start":{"line":174,"column":23},"end":{"line":174,"column":24}},"loc":{"start":{"line":175,"column":14},"end":{"line":206,"column":21}},"line":175}},"branchMap":{"0":{"loc":{"start":{"line":68,"column":4},"end":{"line":75,"column":5}},"type":"if","locations":[{"start":{"line":68,"column":4},"end":{"line":75,"column":5}},{"start":{},"end":{}}],"line":68},"1":{"loc":{"start":{"line":176,"column":17},"end":{"line":180,"column":17}},"type":"binary-expr","locations":[{"start":{"line":176,"column":17},"end":{"line":176,"column":22}},{"start":{"line":177,"column":18},"end":{"line":179,"column":20}}],"line":176}},"s":{"0":1,"1":1,"2":4,"3":4,"4":4,"5":4,"6":4,"7":4,"8":4,"9":3,"10":3,"11":3,"12":4,"13":1,"14":1,"15":1,"16":1,"17":4,"18":12,"19":1},"f":{"0":4,"1":4,"2":3,"3":3,"4":1,"5":1,"6":12},"b":{"0":[4,0],"1":[12,8]},"_coverageSchema":"1a1c01bbd47fc00a2c39e90264f33305004495a9","hash":"bdb0a73d34072efe56007ccce07f4e0aa7d7aa36"}
,"/home/ghost/Desktop/Projects/Sanchari/frontend/src/components/ErrorBoundary.tsx": {"path":"/home/ghost/Desktop/Projects/Sanchari/frontend/src/components/ErrorBoundary.tsx","statementMap":{"0":{"start":{"line":33,"column":4},"end":{"line":33,"column":17}},"1":{"start":{"line":34,"column":4},"end":{"line":34,"column":50}},"2":{"start":{"line":38,"column":4},"end":{"line":38,"column":37}},"3":{"start":{"line":43,"column":4},"end":{"line":43,"column":81}},"4":{"start":{"line":46,"column":26},"end":{"line":48,"column":3}},"5":{"start":{"line":47,"column":4},"end":{"line":47,"column":52}},"6":{"start":{"line":51,"column":4},"end":{"line":64,"column":5}},"7":{"start":{"line":52,"column":6},"end":{"line":63,"column":8}},"8":{"start":{"line":66,"column":4},"end":{"line":66,"column":31}},"9":{"start":{"line":70,"column":15},"end":{"line":107,"column":2}}},"fnMap":{"0":{"name":"(anonymous_0)","decl":{"start":{"line":32,"column":2},"end":{"line":32,"column":3}},"loc":{"start":{"line":32,"column":28},"end":{"line":35,"column":3}},"line":32},"1":{"name":"(anonymous_1)","decl":{"start":{"line":37,"column":2},"end":{"line":37,"column":3}},"loc":{"start":{"line":37,"column":55},"end":{"line":39,"column":3}},"line":37},"2":{"name":"(anonymous_2)","decl":{"start":{"line":41,"column":2},"end":{"line":41,"column":3}},"loc":{"start":{"line":41,"column":51},"end":{"line":44,"column":3}},"line":41},"3":{"name":"(anonymous_3)","decl":{"start":{"line":46,"column":26},"end":{"line":46,"column":27}},"loc":{"start":{"line":46,"column":32},"end":{"line":48,"column":3}},"line":46},"4":{"name":"(anonymous_4)","decl":{"start":{"line":50,"column":2},"end":{"line":50,"column":3}},"loc":{"start":{"line":50,"column":11},"end":{"line":67,"column":3}},"line":50}},"branchMap":{"0":{"loc":{"start":{"line":51,"column":4},"end":{"line":64,"column":5}},"type":"if","locations":[{"start":{"line":51,"column":4},"end":{"line":64,"column":5}},{"start":{},"end":{}}],"line":51},"1":{"loc":{"start":{"line":57,"column":13},"end":{"line":57,"column":73}},"type":"binary-expr","locations":[{"start":{"line":57,"column":13},"end":{"line":57,"column":38}},{"start":{"line":57,"column":42},"end":{"line":57,"column":73}}],"line":57}},"s":{"0":4,"1":4,"2":2,"3":1,"4":4,"5":0,"6":6,"7":2,"8":4,"9":2},"f":{"0":4,"1":2,"2":1,"3":0,"4":6},"b":{"0":[2,4],"1":[2,0]},"_coverageSchema":"1a1c01bbd47fc00a2c39e90264f33305004495a9","hash":"a1204c3f3b360a1dc671ece0299954f0983b3901"}
,"/home/ghost/Desktop/Projects/Sanchari/frontend/src/components/GradientButton.tsx": {"path":"/home/ghost/Desktop/Projects/Sanchari/frontend/src/components/GradientButton.tsx","statementMap":{"0":{"start":{"line":54,"column":16},"end":{"line":54,"column":33}},"1":{"start":{"line":56,"column":24},"end":{"line":58,"column":13}},"2":{"start":{"line":57,"column":4},"end":{"line":57,"column":68}},"3":{"start":{"line":60,"column":25},"end":{"line":62,"column":13}},"4":{"start":{"line":61,"column":4},"end":{"line":61,"column":65}},"5":{"start":{"line":64,"column":20},"end":{"line":66,"column":5}},"6":{"start":{"line":64,"column":44},"end":{"line":66,"column":3}},"7":{"start":{"line":68,"column":22},"end":{"line":71,"column":15}},"8":{"start":{"line":69,"column":4},"end":{"line":69,"column":59}},"9":{"start":{"line":70,"column":4},"end":{"line":70,"column":14}},"10":{"start":{"line":73,"column":21},"end":{"line":73,"column":40}},"11":{"start":{"line":75,"column":2},"end":{"line":110,"column":4}},"12":{"start":{"line":113,"column":15},"end":{"line":126,"column":2}}},"fnMap":{"0":{"name":"GradientButton","decl":{"start":{"line":40,"column":16},"end":{"line":40,"column":30}},"loc":{"start":{"line":52,"column":24},"end":{"line":111,"column":1}},"line":52},"1":{"name":"(anonymous_1)","decl":{"start":{"line":56,"column":36},"end":{"line":56,"column":37}},"loc":{"start":{"line":56,"column":42},"end":{"line":58,"column":3}},"line":56},"2":{"name":"(anonymous_2)","decl":{"start":{"line":60,"column":37},"end":{"line":60,"column":38}},"loc":{"start":{"line":60,"column":43},"end":{"line":62,"column":3}},"line":60},"3":{"name":"(anonymous_3)","decl":{"start":{"line":64,"column":37},"end":{"line":64,"column":38}},"loc":{"start":{"line":64,"column":44},"end":{"line":66,"column":3}},"line":64},"4":{"name":"(anonymous_4)","decl":{"start":{"line":68,"column":34},"end":{"line":68,"column":35}},"loc":{"start":{"line":68,"column":40},"end":{"line":71,"column":3}},"line":68}},"branchMap":{"0":{"loc":{"start":{"line":43,"column":2},"end":{"line":43,"column":18}},"type":"default-arg","locations":[{"start":{"line":43,"column":13},"end":{"line":43,"column":18}}],"line":43},"1":{"loc":{"start":{"line":44,"column":2},"end":{"line":44,"column":17}},"type":"default-arg","locations":[{"start":{"line":44,"column":12},"end":{"line":44,"column":17}}],"line":44},"2":{"loc":{"start":{"line":45,"column":2},"end":{"line":45,"column":24}},"type":"default-arg","locations":[{"start":{"line":45,"column":15},"end":{"line":45,"column":24}}],"line":45},"3":{"loc":{"start":{"line":46,"column":2},"end":{"line":46,"column":22}},"type":"default-arg","locations":[{"start":{"line":46,"column":13},"end":{"line":46,"column":22}}],"line":46},"4":{"loc":{"start":{"line":47,"column":2},"end":{"line":47,"column":27}},"type":"default-arg","locations":[{"start":{"line":47,"column":18},"end":{"line":47,"column":27}}],"line":47},"5":{"loc":{"start":{"line":48,"column":2},"end":{"line":48,"column":13}},"type":"default-arg","locations":[{"start":{"line":48,"column":11},"end":{"line":48,"column":13}}],"line":48},"6":{"loc":{"start":{"line":51,"column":2},"end":{"line":51,"column":28}},"type":"default-arg","locations":[{"start":{"line":51,"column":11},"end":{"line":51,"column":28}}],"line":51},"7":{"loc":{"start":{"line":73,"column":21},"end":{"line":73,"column":40}},"type":"binary-expr","locations":[{"start":{"line":73,"column":21},"end":{"line":73,"column":29}},{"start":{"line":73,"column":33},"end":{"line":73,"column":40}}],"line":73},"8":{"loc":{"start":{"line":88,"column":29},"end":{"line":88,"column":68}},"type":"cond-expr","locations":[{"start":{"line":88,"column":42},"end":{"line":88,"column":55}},{"start":{"line":88,"column":58},"end":{"line":88,"column":68}}],"line":88},"9":{"loc":{"start":{"line":91,"column":10},"end":{"line":91,"column":51}},"type":"binary-expr","locations":[{"start":{"line":91,"column":10},"end":{"line":91,"column":21}},{"start":{"line":91,"column":25},"end":{"line":91,"column":51}}],"line":91},"10":{"loc":{"start":{"line":95,"column":9},"end":{"line":107,"column":9}},"type":"cond-expr","locations":[{"start":{"line":96,"column":10},"end":{"line":96,"column":60}},{"start":{"line":98,"column":10},"end":{"line":106,"column":17}}],"line":95},"11":{"loc":{"start":{"line":101,"column":23},"end":{"line":101,"column":57}},"type":"cond-expr","locations":[{"start":{"line":101,"column":36},"end":{"line":101,"column":45}},{"start":{"line":101,"column":48},"end":{"line":101,"column":57}}],"line":101}},"s":{"0":8,"1":8,"2":1,"3":8,"4":1,"5":8,"6":0,"7":8,"8":2,"9":2,"10":8,"11":8,"12":2},"f":{"0":8,"1":1,"2":1,"3":0,"4":2},"b":{"0":[8],"1":[7],"2":[4],"3":[4],"4":[8],"5":[8],"6":[4],"7":[8,8],"8":[1,7],"9":[8,7],"10":[1,7],"11":[0,7]},"_coverageSchema":"1a1c01bbd47fc00a2c39e90264f33305004495a9","hash":"6ff397e2ac0e899a180f7b845852b80a2144bf8b"}
,"/home/ghost/Desktop/Projects/Sanchari/frontend/src/components/ImageWithFallback.tsx": {"path":"/home/ghost/Desktop/Projects/Sanchari/frontend/src/components/ImageWithFallback.tsx","statementMap":{"0":{"start":{"line":45,"column":16},"end":{"line":45,"column":24}},"1":{"start":{"line":46,"column":30},"end":{"line":46,"column":43}},"2":{"start":{"line":47,"column":32},"end":{"line":47,"column":46}},"3":{"start":{"line":48,"column":28},"end":{"line":48,"column":43}},"4":{"start":{"line":50,"column":22},"end":{"line":57,"column":3}},"5":{"start":{"line":51,"column":4},"end":{"line":55,"column":5}},"6":{"start":{"line":52,"column":6},"end":{"line":52,"column":29}},"7":{"start":{"line":54,"column":6},"end":{"line":54,"column":21}},"8":{"start":{"line":56,"column":4},"end":{"line":56,"column":22}},"9":{"start":{"line":59,"column":2},"end":{"line":118,"column":4}},"10":{"start":{"line":91,"column":31},"end":{"line":91,"column":47}},"11":{"start":{"line":92,"column":29},"end":{"line":92,"column":46}},"12":{"start":{"line":121,"column":15},"end":{"line":142,"column":2}}},"fnMap":{"0":{"name":"ImageWithFallback","decl":{"start":{"line":33,"column":16},"end":{"line":33,"column":33}},"loc":{"start":{"line":44,"column":27},"end":{"line":119,"column":1}},"line":44},"1":{"name":"(anonymous_1)","decl":{"start":{"line":50,"column":22},"end":{"line":50,"column":23}},"loc":{"start":{"line":50,"column":28},"end":{"line":57,"column":3}},"line":50},"2":{"name":"(anonymous_2)","decl":{"start":{"line":91,"column":25},"end":{"line":91,"column":26}},"loc":{"start":{"line":91,"column":31},"end":{"line":91,"column":47}},"line":91},"3":{"name":"(anonymous_3)","decl":{"start":{"line":92,"column":23},"end":{"line":92,"column":24}},"loc":{"start":{"line":92,"column":29},"end":{"line":92,"column":46}},"line":92}},"branchMap":{"0":{"loc":{"start":{"line":39,"column":2},"end":{"line":39,"column":22}},"type":"default-arg","locations":[{"start":{"line":39,"column":15},"end":{"line":39,"column":22}}],"line":39},"1":{"loc":{"start":{"line":42,"column":2},"end":{"line":42,"column":18}},"type":"default-arg","locations":[{"start":{"line":42,"column":17},"end":{"line":42,"column":18}}],"line":42},"2":{"loc":{"start":{"line":43,"column":2},"end":{"line":43,"column":19}},"type":"default-arg","locations":[{"start":{"line":43,"column":15},"end":{"line":43,"column":19}}],"line":43},"3":{"loc":{"start":{"line":51,"column":4},"end":{"line":55,"column":5}},"type":"if","locations":[{"start":{"line":51,"column":4},"end":{"line":55,"column":5}},{"start":{"line":53,"column":11},"end":{"line":55,"column":5}}],"line":51},"4":{"loc":{"start":{"line":51,"column":8},"end":{"line":51,"column":45}},"type":"binary-expr","locations":[{"start":{"line":51,"column":8},"end":{"line":51,"column":19}},{"start":{"line":51,"column":23},"end":{"line":51,"column":45}}],"line":51},"5":{"loc":{"start":{"line":64,"column":8},"end":{"line":64,"column":57}},"type":"binary-expr","locations":[{"start":{"line":64,"column":8},"end":{"line":64,"column":27}},{"start":{"line":64,"column":31},"end":{"line":64,"column":57}}],"line":64},"6":{"loc":{"start":{"line":65,"column":8},"end":{"line":65,"column":60}},"type":"binary-expr","locations":[{"start":{"line":65,"column":8},"end":{"line":65,"column":28}},{"start":{"line":65,"column":32},"end":{"line":65,"column":60}}],"line":65},"7":{"loc":{"start":{"line":69,"column":7},"end":{"line":116,"column":7}},"type":"cond-expr","locations":[{"start":{"line":71,"column":8},"end":{"line":83,"column":15}},{"start":{"line":85,"column":8},"end":{"line":115,"column":11}}],"line":69},"8":{"loc":{"start":{"line":97,"column":14},"end":{"line":97,"column":63}},"type":"binary-expr","locations":[{"start":{"line":97,"column":14},"end":{"line":97,"column":33}},{"start":{"line":97,"column":37},"end":{"line":97,"column":63}}],"line":97},"9":{"loc":{"start":{"line":98,"column":14},"end":{"line":98,"column":66}},"type":"binary-expr","locations":[{"start":{"line":98,"column":14},"end":{"line":98,"column":34}},{"start":{"line":98,"column":38},"end":{"line":98,"column":66}}],"line":98},"10":{"loc":{"start":{"line":104,"column":11},"end":{"line":114,"column":11}},"type":"binary-expr","locations":[{"start":{"line":104,"column":11},"end":{"line":104,"column":18}},{"start":{"line":104,"column":22},"end":{"line":104,"column":32}},{"start":{"line":105,"column":12},"end":{"line":113,"column":19}}],"line":104}},"s":{"0":6,"1":6,"2":6,"3":6,"4":6,"5":1,"6":0,"7":1,"8":1,"9":6,"10":1,"11":1,"12":1},"f":{"0":6,"1":1,"2":1,"3":1},"b":{"0":[6],"1":[6],"2":[6],"3":[0,1],"4":[1,0],"5":[6,0],"6":[6,0],"7":[1,5],"8":[5,0],"9":[5,0],"10":[5,4,4]},"_coverageSchema":"1a1c01bbd47fc00a2c39e90264f33305004495a9","hash":"0e8634e21c1fc6ca240d9801f3d1272e0f79672a"}
,"/home/ghost/Desktop/Projects/Sanchari/frontend/src/components/LiveMap.tsx": {"path":"/home/ghost/Desktop/Projects/Sanchari/frontend/src/components/LiveMap.tsx","statementMap":{"0":{"start":{"line":51,"column":23},"end":{"line":51,"column":64}},"1":{"start":{"line":52,"column":28},"end":{"line":52,"column":69}},"2":{"start":{"line":53,"column":31},"end":{"line":57,"column":1}},"3":{"start":{"line":60,"column":23},"end":{"line":70,"column":1}},"4":{"start":{"line":82,"column":28},"end":{"line":82,"column":36}},"5":{"start":{"line":83,"column":17},"end":{"line":83,"column":38}},"6":{"start":{"line":84,"column":42},"end":{"line":87,"column":17}},"7":{"start":{"line":88,"column":32},"end":{"line":88,"column":46}},"8":{"start":{"line":91,"column":17},"end":{"line":91,"column":45}},"9":{"start":{"line":92,"column":22},"end":{"line":92,"column":60}},"10":{"start":{"line":93,"column":25},"end":{"line":96,"column":3}},"11":{"start":{"line":99,"column":2},"end":{"line":124,"column":9}},"12":{"start":{"line":100,"column":18},"end":{"line":100,"column":22}},"13":{"start":{"line":101,"column":4},"end":{"line":120,"column":9}},"14":{"start":{"line":102,"column":6},"end":{"line":119,"column":7}},"15":{"start":{"line":103,"column":27},"end":{"line":103,"column":77}},"16":{"start":{"line":104,"column":8},"end":{"line":114,"column":9}},"17":{"start":{"line":105,"column":22},"end":{"line":107,"column":12}},"18":{"start":{"line":108,"column":10},"end":{"line":113,"column":11}},"19":{"start":{"line":109,"column":12},"end":{"line":112,"column":15}},"20":{"start":{"line":118,"column":8},"end":{"line":118,"column":39}},"21":{"start":{"line":118,"column":21},"end":{"line":118,"column":39}},"22":{"start":{"line":121,"column":4},"end":{"line":123,"column":6}},"23":{"start":{"line":122,"column":6},"end":{"line":122,"column":22}},"24":{"start":{"line":127,"column":2},"end":{"line":140,"column":67}},"25":{"start":{"line":128,"column":4},"end":{"line":128,"column":46}},"26":{"start":{"line":128,"column":39},"end":{"line":128,"column":46}},"27":{"start":{"line":129,"column":19},"end":{"line":129,"column":40}},"28":{"start":{"line":130,"column":4},"end":{"line":130,"column":48}},"29":{"start":{"line":130,"column":20},"end":{"line":130,"column":48}},"30":{"start":{"line":133,"column":18},"end":{"line":138,"column":11}},"31":{"start":{"line":134,"column":6},"end":{"line":137,"column":9}},"32":{"start":{"line":139,"column":4},"end":{"line":139,"column":37}},"33":{"start":{"line":139,"column":17},"end":{"line":139,"column":36}},"34":{"start":{"line":143,"column":25},"end":{"line":146,"column":23}},"35":{"start":{"line":148,"column":2},"end":{"line":217,"column":4}},"36":{"start":{"line":226,"column":60},"end":{"line":226,"column":62}},"37":{"start":{"line":227,"column":17},"end":{"line":227,"column":50}},"38":{"start":{"line":228,"column":17},"end":{"line":228,"column":52}},"39":{"start":{"line":230,"column":20},"end":{"line":230,"column":58}},"40":{"start":{"line":231,"column":20},"end":{"line":231,"column":57}},"41":{"start":{"line":232,"column":18},"end":{"line":232,"column":36}},"42":{"start":{"line":233,"column":18},"end":{"line":233,"column":36}},"43":{"start":{"line":235,"column":2},"end":{"line":246,"column":3}},"44":{"start":{"line":235,"column":15},"end":{"line":235,"column":16}},"45":{"start":{"line":236,"column":14},"end":{"line":236,"column":23}},"46":{"start":{"line":238,"column":6},"end":{"line":240,"column":25}},"47":{"start":{"line":242,"column":6},"end":{"line":244,"column":26}},"48":{"start":{"line":245,"column":4},"end":{"line":245,"column":51}},"49":{"start":{"line":247,"column":2},"end":{"line":247,"column":16}},"50":{"start":{"line":251,"column":15},"end":{"line":338,"column":2}}},"fnMap":{"0":{"name":"LiveMap","decl":{"start":{"line":73,"column":16},"end":{"line":73,"column":23}},"loc":{"start":{"line":81,"column":17},"end":{"line":218,"column":1}},"line":81},"1":{"name":"(anonymous_1)","decl":{"start":{"line":99,"column":12},"end":{"line":99,"column":13}},"loc":{"start":{"line":99,"column":18},"end":{"line":124,"column":3}},"line":99},"2":{"name":"(anonymous_2)","decl":{"start":{"line":101,"column":5},"end":{"line":101,"column":6}},"loc":{"start":{"line":101,"column":17},"end":{"line":120,"column":5}},"line":101},"3":{"name":"(anonymous_3)","decl":{"start":{"line":121,"column":11},"end":{"line":121,"column":12}},"loc":{"start":{"line":121,"column":17},"end":{"line":123,"column":5}},"line":121},"4":{"name":"(anonymous_4)","decl":{"start":{"line":127,"column":12},"end":{"line":127,"column":13}},"loc":{"start":{"line":127,"column":18},"end":{"line":140,"column":3}},"line":127},"5":{"name":"(anonymous_5)","decl":{"start":{"line":133,"column":29},"end":{"line":133,"column":30}},"loc":{"start":{"line":133,"column":35},"end":{"line":138,"column":5}},"line":133},"6":{"name":"(anonymous_6)","decl":{"start":{"line":139,"column":11},"end":{"line":139,"column":12}},"loc":{"start":{"line":139,"column":17},"end":{"line":139,"column":36}},"line":139},"7":{"name":"generateCurvedRoute","decl":{"start":{"line":221,"column":9},"end":{"line":221,"column":28}},"loc":{"start":{"line":225,"column":2},"end":{"line":248,"column":1}},"line":225}},"branchMap":{"0":{"loc":{"start":{"line":74,"column":2},"end":{"line":74,"column":19}},"type":"default-arg","locations":[{"start":{"line":74,"column":14},"end":{"line":74,"column":19}}],"line":74},"1":{"loc":{"start":{"line":75,"column":2},"end":{"line":75,"column":20}},"type":"default-arg","locations":[{"start":{"line":75,"column":15},"end":{"line":75,"column":20}}],"line":75},"2":{"loc":{"start":{"line":91,"column":17},"end":{"line":91,"column":45}},"type":"binary-expr","locations":[{"start":{"line":91,"column":17},"end":{"line":91,"column":27}},{"start":{"line":91,"column":31},"end":{"line":91,"column":45}}],"line":91},"3":{"loc":{"start":{"line":92,"column":22},"end":{"line":92,"column":60}},"type":"binary-expr","locations":[{"start":{"line":92,"column":22},"end":{"line":92,"column":37}},{"start":{"line":92,"column":41},"end":{"line":92,"column":60}}],"line":92},"4":{"loc":{"start":{"line":93,"column":25},"end":{"line":96,"column":3}},"type":"binary-expr","locations":[{"start":{"line":93,"column":25},"end":{"line":93,"column":35}},{"start":{"line":93,"column":39},"end":{"line":96,"column":3}}],"line":93},"5":{"loc":{"start":{"line":104,"column":8},"end":{"line":114,"column":9}},"type":"if","locations":[{"start":{"line":104,"column":8},"end":{"line":114,"column":9}},{"start":{},"end":{}}],"line":104},"6":{"loc":{"start":{"line":108,"column":10},"end":{"line":113,"column":11}},"type":"if","locations":[{"start":{"line":108,"column":10},"end":{"line":113,"column":11}},{"start":{},"end":{}}],"line":108},"7":{"loc":{"start":{"line":118,"column":8},"end":{"line":118,"column":39}},"type":"if","locations":[{"start":{"line":118,"column":8},"end":{"line":118,"column":39}},{"start":{},"end":{}}],"line":118},"8":{"loc":{"start":{"line":128,"column":4},"end":{"line":128,"column":46}},"type":"if","locations":[{"start":{"line":128,"column":4},"end":{"line":128,"column":46}},{"start":{},"end":{}}],"line":128},"9":{"loc":{"start":{"line":128,"column":8},"end":{"line":128,"column":37}},"type":"binary-expr","locations":[{"start":{"line":128,"column":8},"end":{"line":128,"column":18}},{"start":{"line":128,"column":22},"end":{"line":128,"column":37}}],"line":128},"10":{"loc":{"start":{"line":130,"column":4},"end":{"line":130,"column":48}},"type":"if","locations":[{"start":{"line":130,"column":4},"end":{"line":130,"column":48}},{"start":{},"end":{}}],"line":130},"11":{"loc":{"start":{"line":143,"column":25},"end":{"line":146,"column":23}},"type":"binary-expr","locations":[{"start":{"line":143,"column":25},"end":{"line":143,"column":38}},{"start":{"line":144,"column":8},"end":{"line":146,"column":22}}],"line":143},"12":{"loc":{"start":{"line":144,"column":8},"end":{"line":146,"column":22}},"type":"cond-expr","locations":[{"start":{"line":145,"column":8},"end":{"line":145,"column":70}},{"start":{"line":146,"column":8},"end":{"line":146,"column":22}}],"line":144},"13":{"loc":{"start":{"line":150,"column":7},"end":{"line":215,"column":7}},"type":"cond-expr","locations":[{"start":{"line":151,"column":8},"end":{"line":153,"column":15}},{"start":{"line":155,"column":8},"end":{"line":214,"column":18}}],"line":150},"14":{"loc":{"start":{"line":151,"column":56},"end":{"line":151,"column":90}},"type":"cond-expr","locations":[{"start":{"line":151,"column":69},"end":{"line":151,"column":78}},{"start":{"line":151,"column":81},"end":{"line":151,"column":90}}],"line":151},"15":{"loc":{"start":{"line":159,"column":20},"end":{"line":159,"column":75}},"type":"cond-expr","locations":[{"start":{"line":159,"column":48},"end":{"line":159,"column":63}},{"start":{"line":159,"column":66},"end":{"line":159,"column":75}}],"line":159},"16":{"loc":{"start":{"line":164,"column":26},"end":{"line":164,"column":65}},"type":"cond-expr","locations":[{"start":{"line":164,"column":39},"end":{"line":164,"column":53}},{"start":{"line":164,"column":56},"end":{"line":164,"column":65}}],"line":164},"17":{"loc":{"start":{"line":168,"column":11},"end":{"line":189,"column":11}},"type":"binary-expr","locations":[{"start":{"line":168,"column":11},"end":{"line":168,"column":20}},{"start":{"line":169,"column":12},"end":{"line":188,"column":15}}],"line":168},"18":{"loc":{"start":{"line":192,"column":11},"end":{"line":204,"column":11}},"type":"binary-expr","locations":[{"start":{"line":192,"column":11},"end":{"line":192,"column":21}},{"start":{"line":193,"column":12},"end":{"line":203,"column":21}}],"line":192},"19":{"loc":{"start":{"line":207,"column":11},"end":{"line":213,"column":11}},"type":"binary-expr","locations":[{"start":{"line":207,"column":11},"end":{"line":207,"column":23}},{"start":{"line":207,"column":27},"end":{"line":207,"column":37}},{"start":{"line":208,"column":12},"end":{"line":212,"column":21}}],"line":207},"20":{"loc":{"start":{"line":224,"column":2},"end":{"line":224,"column":12}},"type":"default-arg","locations":[{"start":{"line":224,"column":10},"end":{"line":224,"column":12}}],"line":224}},"s":{"0":1,"1":1,"2":1,"3":1,"4":8,"5":8,"6":8,"7":8,"8":8,"9":8,"10":8,"11":8,"12":4,"13":4,"14":4,"15":4,"16":4,"17":3,"18":2,"19":2,"20":4,"21":4,"22":4,"23":4,"24":8,"
[...]
olumn":83}}],"line":382},"35":{"loc":{"start":{"line":383,"column":37},"end":{"line":383,"column":105}},"type":"cond-expr","locations":[{"start":{"line":383,"column":64},"end":{"line":383,"column":97}},{"start":{"line":383,"column":100},"end":{"line":383,"column":105}}],"line":383},"36":{"loc":{"start":{"line":383,"column":37},"end":{"line":383,"column":61}},"type":"binary-expr","locations":[{"start":{"line":383,"column":37},"end":{"line":383,"column":45}},{"start":{"line":383,"column":49},"end":{"line":383,"column":61}}],"line":383},"37":{"loc":{"start":{"line":384,"column":37},"end":{"line":384,"column":75}},"type":"cond-expr","locations":[{"start":{"line":384,"column":48},"end":{"line":384,"column":64}},{"start":{"line":384,"column":70},"end":{"line":384,"column":75}}],"line":384},"38":{"loc":{"start":{"line":385,"column":37},"end":{"line":385,"column":75}},"type":"cond-expr","locations":[{"start":{"line":385,"column":48},"end":{"line":385,"column":66}},{"start":{"line":385,"column":70},"end":{"line":385,"column":75}}],"line":385},"39":{"loc":{"start":{"line":386,"column":37},"end":{"line":386,"column":55}},"type":"binary-expr","locations":[{"start":{"line":386,"column":37},"end":{"line":386,"column":43}},{"start":{"line":386,"column":47},"end":{"line":386,"column":55}}],"line":386},"40":{"loc":{"start":{"line":387,"column":37},"end":{"line":387,"column":79}},"type":"cond-expr","locations":[{"start":{"line":387,"column":48},"end":{"line":387,"column":71}},{"start":{"line":387,"column":74},"end":{"line":387,"column":79}}],"line":387},"41":{"loc":{"start":{"line":388,"column":37},"end":{"line":388,"column":79}},"type":"cond-expr","locations":[{"start":{"line":388,"column":48},"end":{"line":388,"column":71}},{"start":{"line":388,"column":74},"end":{"line":388,"column":79}}],"line":388},"42":{"loc":{"start":{"line":420,"column":28},"end":{"line":420,"column":80}},"type":"cond-expr","locations":[{"start":{"line":420,"column":43},"end":{"line":420,"column":72}},{"start":{"line":420,"column":75},"end":{"line":420,"column":80}}],"line":420}},"s":{"0":1,"1":1,"2":1,"3":406,"4":12,"5":6,"6":6,"7":6,"8":35,"9":6,"10":245,"11":245,"12":60,"13":185,"14":0,"15":0,"16":0,"17":185,"18":0,"19":185,"20":185,"21":185,"22":36,"23":36,"24":0,"25":0,"26":6,"27":6,"28":6,"29":6,"30":6,"31":6,"32":6,"33":6,"34":4,"35":4,"36":6,"37":2,"38":2,"39":2,"40":6,"41":6,"42":1,"43":0,"44":1,"45":0,"46":0,"47":0,"48":1,"49":1,"50":6,"51":1,"52":0,"53":0,"54":0,"55":1,"56":1,"57":6,"58":6,"59":6,"60":185,"61":6,"62":34,"63":6,"64":6,"65":1,"66":0,"67":1,"68":1,"69":0,"70":1,"71":1,"72":6,"73":6,"74":6,"75":0,"76":6,"77":0,"78":6,"79":6,"80":36,"81":36,"82":36,"83":6,"84":42,"85":35,"86":245,"87":245,"88":245,"89":245,"90":245,"91":245,"92":245,"93":245,"94":245,"95":1,"96":36,"97":1,"98":1,"99":1},"f":{"0":406,"1":12,"2":6,"3":245,"4":0,"5":0,"6":36,"7":0,"8":0,"9":6,"10":4,"11":2,"12":2,"13":1,"14":0,"15":1,"16":1,"17":0,"18":1,"19":185,"20":1,"21":6,"22":36,"23":42,"24":35,"25":245,"26":1,"27":36,"28":1},"b":{"0":[406,18,16],"1":[60,185],"2":[0,0],"3":[5,180],"4":[5,175],"5":[5,180],"6":[35,145],"7":[5,140],"8":[19,121],"9":[24,97],"10":[185,5,5],"11":[185,180,10],"12":[6,30],"13":[6,30],"14":[6,30],"15":[6,0],"16":[6,0],"17":[4,0],"18":[6,6,6],"19":[0,1],"20":[0,1],"21":[0,1],"22":[0,1],"23":[0,1],"24":[1,1],"25":[0,6],"26":[0,6],"27":[6,30],"28":[6,24],"29":[6,6],"30":[1,5],"31":[6,5],"32":[1,5],"33":[185,60],"34":[185,60],"35":[185,60],"36":[245,185],"37":[185,60],"38":[185,60],"39":[245,210],"40":[185,60],"41":[185,60],"42":[36,0]},"_coverageSchema":"1a1c01bbd47fc00a2c39e90264f33305004495a9","hash":"c6958f235662421e7da74fe3be9aeeeb36822b87"}
,"/home/ghost/Desktop/Projects/Sanchari/frontend/src/components/RidePoolLogo.tsx": {"path":"/home/ghost/Desktop/Projects/Sanchari/frontend/src/components/RidePoolLogo.tsx","statementMap":{"0":{"start":{"line":29,"column":18},"end":{"line":29,"column":29}},"1":{"start":{"line":30,"column":13},"end":{"line":30,"column":40}},"2":{"start":{"line":32,"column":2},"end":{"line":57,"column":4}},"3":{"start":{"line":60,"column":15},"end":{"line":65,"column":2}}},"fnMap":{"0":{"name":"RidePoolLogo","decl":{"start":{"line":23,"column":16},"end":{"line":23,"column":28}},"loc":{"start":{"line":28,"column":22},"end":{"line":58,"column":1}},"line":28}},"branchMap":{"0":{"loc":{"start":{"line":24,"column":2},"end":{"line":24,"column":11}},"type":"default-arg","locations":[{"start":{"line":24,"column":9},"end":{"line":24,"column":11}}],"line":24},"1":{"loc":{"start":{"line":25,"column":2},"end":{"line":25,"column":29}},"type":"default-arg","locations":[{"start":{"line":25,"column":20},"end":{"line":25,"column":29}}],"line":25},"2":{"loc":{"start":{"line":26,"column":2},"end":{"line":26,"column":17}},"type":"default-arg","locations":[{"start":{"line":26,"column":10},"end":{"line":26,"column":17}}],"line":26},"3":{"loc":{"start":{"line":30,"column":13},"end":{"line":30,"column":40}},"type":"binary-expr","locations":[{"start":{"line":30,"column":13},"end":{"line":30,"column":25}},{"start":{"line":30,"column":29},"end":{"line":30,"column":40}}],"line":30}},"s":{"0":1,"1":1,"2":1,"3":1},"f":{"0":1},"b":{"0":[1],"1":[1],"2":[1],"3":[1,1]},"_coverageSchema":"1a1c01bbd47fc00a2c39e90264f33305004495a9","hash":"08388e9503b44e5ec7ab3b50f13e54e6efd651f3"}
,"/home/ghost/Desktop/Projects/Sanchari/frontend/src/components/RoleToggle.tsx": {"path":"/home/ghost/Desktop/Projects/Sanchari/frontend/src/components/RoleToggle.tsx","statementMap":{"0":{"start":{"line":19,"column":31},"end":{"line":19,"column":39}},"1":{"start":{"line":20,"column":18},"end":{"line":20,"column":34}},"2":{"start":{"line":23,"column":23},"end":{"line":23,"column":41}},"3":{"start":{"line":24,"column":46},"end":{"line":24,"column":57}},"4":{"start":{"line":25,"column":16},"end":{"line":25,"column":53}},"5":{"start":{"line":27,"column":19},"end":{"line":27,"column":68}},"6":{"start":{"line":29,"column":2},"end":{"line":38,"column":33}},"7":{"start":{"line":30,"column":4},"end":{"line":37,"column":5}},"8":{"start":{"line":31,"column":6},"end":{"line":36,"column":17}},"9":{"start":{"line":40,"column":2},"end":{"line":96,"column":4}},"10":{"start":{"line":45,"column":27},"end":{"line":45,"column":76}},"11":{"start":{"line":63,"column":25},"end":{"line":63,"column":52}},"12":{"start":{"line":63,"column":39},"end":{"line":63,"column":52}},"13":{"start":{"line":81,"column":25},"end":{"line":81,"column":51}},"14":{"start":{"line":81,"column":38},"end":{"line":81,"column":51}},"15":{"start":{"line":101,"column":15},"end":{"line":144,"column":2}}},"fnMap":{"0":{"name":"RoleToggle","decl":{"start":{"line":18,"column":16},"end":{"line":18,"column":26}},"loc":{"start":{"line":18,"column":29},"end":{"line":97,"column":1}},"line":18},"1":{"name":"(anonymous_1)","decl":{"start":{"line":29,"column":12},"end":{"line":29,"column":13}},"loc":{"start":{"line":29,"column":18},"end":{"line":38,"column":3}},"line":29},"2":{"name":"(anonymous_2)","decl":{"start":{"line":45,"column":16},"end":{"line":45,"column":17}},"loc":{"start":{"line":45,"column":27},"end":{"line":45,"column":76}},"line":45},"3":{"name":"(anonymous_3)","decl":{"start":{"line":63,"column":17},"end":{"line":63,"column":18}},"loc":{"start":{"line":63,"column":23},"end":{"line":63,"column":54}},"line":63},"4":{"name":"(anonymous_4)","decl":{"start":{"line":81,"column":17},"end":{"line":81,"column":18}},"loc":{"start":{"line":81,"column":23},"end":{"line":81,"column":53}},"line":81}},"branchMap":{"0":{"loc":{"start":{"line":27,"column":19},"end":{"line":27,"column":68}},"type":"cond-expr","locations":[{"start":{"line":27,"column":40},"end":{"line":27,"column":64}},{"start":{"line":27,"column":67},"end":{"line":27,"column":68}}],"line":27},"1":{"loc":{"start":{"line":30,"column":4},"end":{"line":37,"column":5}},"type":"if","locations":[{"start":{"line":30,"column":4},"end":{"line":37,"column":5}},{"start":{},"end":{}}],"line":30},"2":{"loc":{"start":{"line":32,"column":17},"end":{"line":32,"column":39}},"type":"cond-expr","locations":[{"start":{"line":32,"column":27},"end":{"line":32,"column":28}},{"start":{"line":32,"column":31},"end":{"line":32,"column":39}}],"line":32},"3":{"loc":{"start":{"line":63,"column":25},"end":{"line":63,"column":52}},"type":"if","locations":[{"start":{"line":63,"column":25},"end":{"line":63,"column":52}},{"start":{},"end":{}}],"line":63},"4":{"loc":{"start":{"line":64,"column":23},"end":{"line":64,"column":40}},"type":"cond-expr","locations":[{"start":{"line":64,"column":33},"end":{"line":64,"column":34}},{"start":{"line":64,"column":37},"end":{"line":64,"column":40}}],"line":64},"5":{"loc":{"start":{"line":71,"column":21},"end":{"line":71,"column":67}},"type":"cond-expr","locations":[{"start":{"line":71,"column":31},"end":{"line":71,"column":40}},{"start":{"line":71,"column":43},"end":{"line":71,"column":67}}],"line":71},"6":{"loc":{"start":{"line":81,"column":25},"end":{"line":81,"column":51}},"type":"if","locations":[{"start":{"line":81,"column":25},"end":{"line":81,"column":51}},{"start":{},"end":{}}],"line":81},"7":{"loc":{"start":{"line":82,"column":23},"end":{"line":82,"column":41}},"type":"cond-expr","locations":[{"start":{"line":82,"column":34},"end":{"line":82,"column":35}},{"start":{"line":82,"column":38},"end":{"line":82,"column":41}}],"line":82},"8":{"loc":{"start":{"line":89,"column":21},"end":{"line":89,"column":68}},"type":"cond-expr","locations":[{"start":{"line":89,"column":32},"end":{"line":89,"column":41}},{"start":{"line":89,"column":44},"end":{"line":89,"column":68}}],"line":89}},"s":{"0":7,"1":7,"2":7,"3":7,"4":7,"5":7,"6":7,"7":7,"8":1,"9":7,"10":1,"11":2,"12":1,"13":2,"14":1,"15":1},"f":{"0":7,"1":7,"2":1,"3":2,"4":2},"b":{"0":[1,6],"1":[1,6],"2":[1,0],"3":[1,1],"4":[5,2],"5":[5,2],"6":[1,1],"7":[2,5],"8":[2,5]},"_coverageSchema":"1a1c01bbd47fc00a2c39e90264f33305004495a9","hash":"a1b5431ab7ab5c849a97b64c42b7a24af98d630a"}
,"/home/ghost/Desktop/Projects/Sanchari/frontend/src/components/ScreenWrapper.tsx": {"path":"/home/ghost/Desktop/Projects/Sanchari/frontend/src/components/ScreenWrapper.tsx","statementMap":{"0":{"start":{"line":37,"column":16},"end":{"line":58,"column":3}},"1":{"start":{"line":60,"column":2},"end":{"line":68,"column":4}},"2":{"start":{"line":71,"column":15},"end":{"line":84,"column":2}}},"fnMap":{"0":{"name":"ScreenWrapper","decl":{"start":{"line":29,"column":16},"end":{"line":29,"column":29}},"loc":{"start":{"line":36,"column":23},"end":{"line":69,"column":1}},"line":36}},"branchMap":{"0":{"loc":{"start":{"line":31,"column":2},"end":{"line":31,"column":29}},"type":"default-arg","locations":[{"start":{"line":31,"column":20},"end":{"line":31,"column":29}}],"line":31},"1":{"loc":{"start":{"line":32,"column":2},"end":{"line":32,"column":20}},"type":"default-arg","locations":[{"start":{"line":32,"column":15},"end":{"line":32,"column":20}}],"line":32},"2":{"loc":{"start":{"line":34,"column":2},"end":{"line":34,"column":25}},"type":"default-arg","locations":[{"start":{"line":34,"column":19},"end":{"line":34,"column":25}}],"line":34},"3":{"loc":{"start":{"line":35,"column":2},"end":{"line":35,"column":19}},"type":"default-arg","locations":[{"start":{"line":35,"column":14},"end":{"line":35,"column":19}}],"line":35},"4":{"loc":{"start":{"line":37,"column":16},"end":{"line":58,"column":3}},"type":"cond-expr","locations":[{"start":{"line":39,"column":4},"end":{"line":51,"column":17}},{"start":{"line":53,"column":4},"end":{"line":57,"column":11}}],"line":37},"5":{"loc":{"start":{"line":43,"column":8},"end":{"line":43,"column":36}},"type":"binary-expr","locations":[{"start":{"line":43,"column":8},"end":{"line":43,"column":18}},{"start":{"line":43,"column":22},"end":{"line":43,"column":36}}],"line":43},"6":{"loc":{"start":{"line":54,"column":27},"end":{"line":54,"column":55}},"type":"binary-expr","locations":[{"start":{"line":54,"column":27},"end":{"line":54,"column":37}},{"start":{"line":54,"column":41},"end":{"line":54,"column":55}}],"line":54}},"s":{"0":1,"1":1,"2":1},"f":{"0":1},"b":{"0":[1],"1":[1],"2":[1],"3":[1],"4":[0,1],"5":[0,0],"6":[1,1]},"_coverageSchema":"1a1c01bbd47fc00a2c39e90264f33305004495a9","hash":"44073751eb04769dfd83a011aaf9b974b0632e3a"}
,"/home/ghost/Desktop/Projects/Sanchari/frontend/src/theme/fonts.ts": {"path":"/home/ghost/Desktop/Projects/Sanchari/frontend/src/theme/fonts.ts","statementMap":{"0":{"start":{"line":58,"column":26},"end":{"line":69,"column":10}},"1":{"start":{"line":76,"column":2},"end":{"line":83,"column":3}},"2":{"start":{"line":77,"column":16},"end":{"line":77,"column":42}},"3":{"start":{"line":78,"column":16},"end":{"line":78,"column":41}},"4":{"start":{"line":79,"column":16},"end":{"line":79,"column":43}},"5":{"start":{"line":80,"column":16},"end":{"line":80,"column":39}},"6":{"start":{"line":81,"column":16},"end":{"line":81,"column":44}},"7":{"start":{"line":82,"column":16},"end":{"line":82,"column":42}}},"fnMap":{"0":{"name":"getFontFamily","decl":{"start":{"line":75,"column":16},"end":{"line":75,"column":29}},"loc":{"start":{"line":75,"column":85},"end":{"line":84,"column":1}},"line":75}},"branchMap":{"0":{"loc":{"start":{"line":76,"column":2},"end":{"line":83,"column":3}},"type":"switch","locations":[{"start":{"line":77,"column":4},"end":{"line":77,"column":42}},{"start":{"line":78,"column":4},"end":{"line":78,"column":41}},{"start":{"line":79,"column":4},"end":{"line":79,"column":43}},{"start":{"line":80,"column":4},"end":{"line":80,"column":39}},{"start":{"line":81,"column":4},"end":{"line":81,"column":44}},{"start":{"line":82,"column":4},"end":{"line":82,"column":42}}],"line":76}},"s":{"0":1,"1":0,"2":0,"3":0,"4":0,"5":0,"6":0,"7":0},"f":{"0":0},"b":{"0":[0,0,0,0,0,0]},"_coverageSchema":"1a1c01bbd47fc00a2c39e90264f33305004495a9","hash":"3773f84416a03d69ee8c8f5783423231c5790d03"}
,"/home/ghost/Desktop/Projects/Sanchari/frontend/src/theme/index.ts": {"path":"/home/ghost/Desktop/Projects/Sanchari/frontend/src/theme/index.ts","statementMap":{"0":{"start":{"line":65,"column":23},"end":{"line":99,"column":10}},"1":{"start":{"line":103,"column":28},"end":{"line":146,"column":10}},"2":{"start":{"line":150,"column":27},"end":{"line":165,"column":10}},"3":{"start":{"line":202,"column":38},"end":{"line":231,"column":1}},"4":{"start":{"line":233,"column":37},"end":{"line":262,"column":1}},"5":{"start":{"line":275,"column":26},"end":{"line":305,"column":10}},"6":{"start":{"line":309,"column":23},"end":{"line":322,"column":10}},"7":{"start":{"line":327,"column":22},"end":{"line":338,"column":10}},"8":{"start":{"line":342,"column":22},"end":{"line":371,"column":10}},"9":{"start":{"line":364,"column":31},"end":{"line":370,"column":3}},"10":{"start":{"line":375,"column":41},"end":{"line":401,"column":1}},"11":{"start":{"line":403,"column":40},"end":{"line":429,"column":1}}},"fnMap":{"0":{"name":"(anonymous_0)","decl":{"start":{"line":364,"column":11},"end":{"line":364,"column":12}},"loc":{"start":{"line":364,"column":31},"end":{"line":370,"column":3}},"line":364}},"branchMap":{},"s":{"0":10,"1":10,"2":10,"3":10,"4":10,"5":10,"6":10,"7":10,"8":10,"9":14,"10":10,"11":10},"f":{"0":14},"b":{},"_coverageSchema":"1a1c01bbd47fc00a2c39e90264f33305004495a9","hash":"8d55dcc3a9e752427a086f4f866d1cf0cc8ab984"}
,"/home/ghost/Desktop/Projects/Sanchari/frontend/src/utils/logger.ts": {"path":"/home/ghost/Desktop/Projects/Sanchari/frontend/src/utils/logger.ts","statementMap":{"0":{"start":{"line":12,"column":19},"end":{"line":17,"column":10}},"1":{"start":{"line":24,"column":4},"end":{"line":24,"column":44}},"2":{"start":{"line":25,"column":4},"end":{"line":25,"column":66}},"3":{"start":{"line":30,"column":4},"end":{"line":30,"column":55}},"4":{"start":{"line":30,"column":42},"end":{"line":30,"column":55}},"5":{"start":{"line":31,"column":4},"end":{"line":31,"column":62}},"6":{"start":{"line":35,"column":22},"end":{"line":35,"column":46}},"7":{"start":{"line":36,"column":19},"end":{"line":36,"column":60}},"8":{"start":{"line":37,"column":4},"end":{"line":37,"column":90}},"9":{"start":{"line":41,"column":4},"end":{"line":43,"column":5}},"10":{"start":{"line":42,"column":6},"end":{"line":42,"column":62}},"11":{"start":{"line":47,"column":4},"end":{"line":49,"column":5}},"12":{"start":{"line":48,"column":6},"end":{"line":48,"column":61}},"13":{"start":{"line":53,"column":4},"end":{"line":55,"column":5}},"14":{"start":{"line":54,"column":6},"end":{"line":54,"column":62}},"15":{"start":{"line":59,"column":4},"end":{"line":61,"column":5}},"16":{"start":{"line":60,"column":6},"end":{"line":60,"column":64}},"17":{"start":{"line":65,"column":22},"end":{"line":65,"column":34}}},"fnMap":{"0":{"name":"(anonymous_0)","decl":{"start":{"line":23,"column":2},"end":{"line":23,"column":3}},"loc":{"start":{"line":23,"column":16},"end":{"line":26,"column":3}},"line":23},"1":{"name":"(anonymous_1)","decl":{"start":{"line":28,"column":2},"end":{"line":28,"column":3}},"loc":{"start":{"line":28,"column":46},"end":{"line":32,"column":3}},"line":28},"2":{"name":"(anonymous_2)","decl":{"start":{"line":34,"column":2},"end":{"line":34,"column":3}},"loc":{"start":{"line":34,"column":78},"end":{"line":38,"column":3}},"line":34},"3":{"name":"(anonymous_3)","decl":{"start":{"line":40,"column":2},"end":{"line":40,"column":3}},"loc":{"start":{"line":40,"column":43},"end":{"line":44,"column":3}},"line":40},"4":{"name":"(anonymous_4)","decl":{"start":{"line":46,"column":2},"end":{"line":46,"column":3}},"loc":{"start":{"line":46,"column":42},"end":{"line":50,"column":3}},"line":46},"5":{"name":"(anonymous_5)","decl":{"start":{"line":52,"column":2},"end":{"line":52,"column":3}},"loc":{"start":{"line":52,"column":42},"end":{"line":56,"column":3}},"line":52},"6":{"name":"(anonymous_6)","decl":{"start":{"line":58,"column":2},"end":{"line":58,"column":3}},"loc":{"start":{"line":58,"column":43},"end":{"line":62,"column":3}},"line":58}},"branchMap":{"0":{"loc":{"start":{"line":25,"column":17},"end":{"line":25,"column":65}},"type":"cond-expr","locations":[{"start":{"line":25,"column":50},"end":{"line":25,"column":57}},{"start":{"line":25,"column":60},"end":{"line":25,"column":65}}],"line":25},"1":{"loc":{"start":{"line":30,"column":4},"end":{"line":30,"column":55}},"type":"if","locations":[{"start":{"line":30,"column":4},"end":{"line":30,"column":55}},{"start":{},"end":{}}],"line":30},"2":{"loc":{"start":{"line":30,"column":8},"end":{"line":30,"column":40}},"type":"binary-expr","locations":[{"start":{"line":30,"column":8},"end":{"line":30,"column":19}},{"start":{"line":30,"column":23},"end":{"line":30,"column":40}}],"line":30},"3":{"loc":{"start":{"line":37,"column":11},"end":{"line":37,"column":89}},"type":"cond-expr","locations":[{"start":{"line":37,"column":18},"end":{"line":37,"column":64}},{"start":{"line":37,"column":67},"end":{"line":37,"column":89}}],"line":37},"4":{"loc":{"start":{"line":41,"column":4},"end":{"line":43,"column":5}},"type":"if","locations":[{"start":{"line":41,"column":4},"end":{"line":43,"column":5}},{"start":{},"end":{}}],"line":41},"5":{"loc":{"start":{"line":47,"column":4},"end":{"line":49,"column":5}},"type":"if","locations":[{"start":{"line":47,"column":4},"end":{"line":49,"column":5}},{"start":{},"end":{}}],"line":47},"6":{"loc":{"start":{"line":53,"column":4},"end":{"line":55,"column":5}},"type":"if","locations":[{"start":{"line":53,"column":4},"end":{"line":55,"column":5}},{"start":{},"end":{}}],"line":53},"7":{"loc":{"start":{"line":59,"column":4},"end":{"line":61,"column":5}},"type":"if","locations":[{"start":{"line":59,"column":4},"end":{"line":61,"column":5}},{"start":{},"end":{}}],"line":59}},"s":{"0":1,"1":1,"2":1,"3":1,"4":0,"5":1,"6":1,"7":1,"8":1,"9":0,"10":0,"11":1,"12":1,"13":0,"14":0,"15":0,"16":0,"17":1},"f":{"0":1,"1":1,"2":1,"3":0,"4":1,"5":0,"6":0},"b":{"0":[1,0],"1":[0,1],"2":[1,0],"3":[0,1],"4":[0,0],"5":[1,0],"6":[0,0],"7":[0,0]},"_coverageSchema":"1a1c01bbd47fc00a2c39e90264f33305004495a9","hash":"e47def3a9f22006c69189bf54c5acb1dce8c7f1e"}
}
