TN:
SF:App.tsx
FN:29,ThemedApp
FN:44,App
FN:46,(anonymous_2)
FNF:3
FNH:3
FNDA:1,ThemedApp
FNDA:1,App
FNDA:1,(anonymous_2)
DA:9,1
DA:10,0
DA:30,1
DA:31,1
DA:33,1
DA:46,1
DA:47,1
DA:48,1
DA:49,1
DA:51,0
DA:55,1
DA:70,1
LF:12
LH:10
BRDA:9,0,0,0
BRDA:9,0,1,1
BRDA:31,1,0,0
BRDA:31,1,1,1
BRF:4
BRH:2
end_of_record
TN:
SF:src/api/constants.ts
FN:45,(anonymous_0)
FN:59,(anonymous_1)
FN:60,(anonymous_2)
FN:61,(anonymous_3)
FN:71,(anonymous_4)
FN:72,(anonymous_5)
FN:73,(anonymous_6)
FN:74,(anonymous_7)
FN:87,(anonymous_8)
FN:88,(anonymous_9)
FN:94,(anonymous_10)
FN:112,(anonymous_11)
FN:135,(anonymous_12)
FN:136,(anonymous_13)
FN:137,(anonymous_14)
FN:138,(anonymous_15)
FNF:16
FNH:0
FNDA:0,(anonymous_0)
FNDA:0,(anonymous_1)
FNDA:0,(anonymous_2)
FNDA:0,(anonymous_3)
FNDA:0,(anonymous_4)
FNDA:0,(anonymous_5)
FNDA:0,(anonymous_6)
FNDA:0,(anonymous_7)
FNDA:0,(anonymous_8)
FNDA:0,(anonymous_9)
FNDA:0,(anonymous_10)
FNDA:0,(anonymous_11)
FNDA:0,(anonymous_12)
FNDA:0,(anonymous_13)
FNDA:0,(anonymous_14)
FNDA:0,(anonymous_15)
DA:12,1
DA:19,1
DA:32,1
DA:45,0
DA:59,0
DA:60,0
DA:61,0
DA:71,0
DA:72,0
DA:73,0
DA:74,0
DA:87,0
DA:88,0
DA:94,0
DA:112,0
DA:135,0
DA:136,0
DA:137,0
DA:138,0
DA:143,1
DA:159,1
DA:171,1
LF:22
LH:6
BRDA:20,0,0,1
BRDA:20,0,1,1
BRDA:21,1,0,1
BRDA:21,1,1,1
BRDA:27,2,0,1
BRDA:27,2,1,1
BRF:6
BRH:6
end_of_record
TN:
SF:src/components/AnimatedDot.tsx
FN:26,AnimatedDot
FN:34,(anonymous_1)
FN:58,(anonymous_2)
FNF:3
FNH:2
FNDA:1,AnimatedDot
FNDA:1,(anonymous_1)
FNDA:0,(anonymous_2)
DA:31,1
DA:32,1
DA:34,1
DA:35,1
DA:36,1
DA:46,1
DA:58,1
DA:63,1
DA:80,1
LF:9
LH:9
BRDA:27,0,0,1
BRDA:28,1,0,1
BRDA:29,2,0,1
BRF:3
BRH:3
end_of_record
TN:
SF:src/components/AppText.tsx
FN:37,fontFamilyForWeight
FN:50,AppText
FN:86,(anonymous_2)
FN:90,(anonymous_3)
FN:94,(anonymous_4)
FN:98,(anonymous_5)
FN:102,(anonymous_6)
FN:106,(anonymous_7)
FNF:8
FNH:2
FNDA:2,fontFamilyForWeight
FNDA:2,AppText
FNDA:0,(anonymous_2)
FNDA:0,(anonymous_3)
FNDA:0,(anonymous_4)
FNDA:0,(anonymous_5)
FNDA:0,(anonymous_6)
FNDA:0,(anonymous_7)
DA:38,2
DA:39,2
DA:40,0
DA:41,0
DA:42,0
DA:43,0
DA:44,0
DA:60,2
DA:62,2
DA:63,2
DA:64,2
DA:65,2
DA:67,2
DA:86,1
DA:87,0
DA:90,1
DA:91,0
DA:94,1
DA:95,0
DA:98,1
DA:99,0
DA:102,1
DA:103,0
DA:106,1
DA:107,0
DA:112,1
LF:26
LH:15
BRDA:38,0,0,2
BRDA:38,0,1,0
BRDA:38,0,2,0
BRDA:38,0,3,0
BRDA:38,0,4,0
BRDA:38,0,5,0
BRDA:52,1,0,2
BRDA:54,2,0,2
BRDA:55,3,0,2
BRDA:62,4,0,2
BRDA:62,4,1,2
BRDA:62,5,0,0
BRDA:62,5,1,2
BRDA:63,6,0,0
BRDA:63,6,1,2
BRDA:71,7,0,2
BRDA:71,7,1,0
BRDA:73,8,0,2
BRDA:73,8,1,0
BRF:19
BRH:10
end_of_record
TN:
SF:src/components/BackButton.tsx
FN:21,BackButton
FN:25,(anonymous_1)
FNF:2
FNH:2
FNDA:3,BackButton
FNDA:2,(anonymous_1)
DA:22,3
DA:23,3
DA:25,3
DA:26,2
DA:27,1
DA:29,1
DA:33,3
DA:56,1
LF:8
LH:8
BRDA:26,0,0,1
BRDA:26,0,1,1
BRF:2
BRH:2
end_of_record
TN:
SF:src/components/BottomNav.tsx
FN:45,(anonymous_0)
FN:56,(anonymous_1)
FN:67,(anonymous_2)
FN:78,(anonymous_3)
FN:89,(anonymous_4)
FN:100,(anonymous_5)
FN:111,(anonymous_6)
FN:151,TabItem
FN:154,(anonymous_8)
FN:163,(anonymous_9)
FN:218,BottomNav
FN:231,(anonymous_11)
FN:235,(anonymous_12)
FN:236,(anonymous_13)
FN:246,(anonymous_14)
FN:281,(anonymous_15)
FN:286,(anonymous_16)
FNF:17
FNH:15
FNDA:3,(anonymous_0)
FNDA:3,(anonymous_1)
FNDA:3,(anonymous_2)
FNDA:3,(anonymous_3)
FNDA:3,(anonymous_4)
FNDA:0,(anonymous_5)
FNDA:0,(anonymous_6)
FNDA:15,TabItem
FNDA:1,(anonymous_8)
FNDA:1,(anonymous_9)
FNDA:3,BottomNav
FNDA:3,(anonymous_11)
FNDA:3,(anonymous_12)
FNDA:3,(anonymous_13)
FNDA:1,(anonymous_14)
FNDA:15,(anonymous_15)
FNDA:1,(anonymous_16)
DA:28,1
DA:45,1
DA:46,3
DA:56,1
DA:57,3
DA:67,1
DA:68,3
DA:78,1
DA:79,3
DA:89,1
DA:90,3
DA:100,1
DA:101,0
DA:111,1
DA:112,0
DA:124,1
DA:132,1
DA:152,15
DA:154,15
DA:155,1
DA:163,15
DA:164,1
DA:172,15
DA:219,3
DA:220,3
DA:221,3
DA:222,3
DA:223,3
DA:227,3
DA:228,3
DA:229,3
DA:231,3
DA:235,3
DA:236,3
DA:237,3
DA:245,3
DA:247,1
DA:248,1
DA:249,1
DA:254,3
DA:282,15
DA:286,1
DA:298,1
LF:43
LH:41
BRDA:47,0,0,3
BRDA:47,0,1,0
BRDA:48,1,0,3
BRDA:48,1,1,0
BRDA:59,2,0,0
BRDA:59,2,1,3
BRDA:69,3,0,0
BRDA:69,3,1,3
BRDA:70,4,0,0
BRDA:70,4,1,3
BRDA:80,5,0,0
BRDA:80,5,1,3
BRDA:81,6,0,0
BRDA:81,6,1,3
BRDA:91,7,0,0
BRDA:91,7,1,3
BRDA:92,8,0,0
BRDA:92,8,1,3
BRDA:102,9,0,0
BRDA:102,9,1,0
BRDA:103,10,0,0
BRDA:103,10,1,0
BRDA:113,11,0,0
BRDA:113,11,1,0
BRDA:114,12,0,0
BRDA:114,12,1,0
BRDA:186,13,0,15
BRDA:186,13,1,3
BRDA:200,14,0,3
BRDA:200,14,1,12
BRDA:201,15,0,15
BRDA:201,15,1,3
BRDA:222,16,0,0
BRDA:222,16,1,3
BRF:34
BRH:16
end_of_record
TN:
SF:src/components/ClockTimePicker.tsx
FN:44,clockAngle
FN:50,polarXY
FN:60,parseTime24
FN:82,ClockTimePicker
FN:96,(anonymous_4)
FN:108,(anonymous_5)
FN:119,(anonymous_6)
FN:125,(anonymous_7)
FN:163,(anonymous_8)
FN:175,(anonymous_9)
FN:188,(anonymous_10)
FN:195,(anonymous_11)
FN:226,(anonymous_12)
FN:241,(anonymous_13)
FN:267,(anonymous_14)
FN:268,(anonymous_15)
FNF:16
FNH:16
FNDA:2,clockAngle
FNDA:286,polarXY
FNDA:7,parseTime24
FNDA:22,ClockTimePicker
FNDA:7,(anonymous_4)
FNDA:2,(anonymous_5)
FNDA:1,(anonymous_6)
FNDA:3,(anonymous_7)
FNDA:1,(anonymous_8)
FNDA:2,(anonymous_9)
FNDA:1,(anonymous_10)
FNDA:2,(anonymous_11)
FNDA:228,(anonymous_12)
FNDA:36,(anonymous_13)
FNDA:3,(anonymous_14)
FNDA:3,(anonymous_15)
DA:30,1
DA:31,1
DA:32,1
DA:33,1
DA:34,1
DA:35,1
DA:38,1
DA:39,1
DA:45,2
DA:46,2
DA:51,286
DA:52,286
DA:61,7
DA:62,7
DA:63,7
DA:64,7
DA:88,22
DA:90,22
DA:91,22
DA:92,22
DA:93,22
DA:96,22
DA:97,7
DA:98,7
DA:99,7
DA:100,7
DA:101,7
DA:102,7
DA:108,22
DA:109,2
DA:110,2
DA:111,2
DA:112,1
DA:114,1
DA:119,22
DA:120,1
DA:125,22
DA:126,3
DA:127,3
DA:128,3
DA:129,3
DA:136,22
DA:139,22
DA:141,22
DA:142,22
DA:146,22
DA:163,1
DA:175,2
DA:188,1
DA:195,2
DA:227,228
DA:228,228
DA:242,36
DA:243,36
DA:267,3
DA:268,3
DA:309,1
LF:57
LH:57
BRDA:61,0,0,0
BRDA:61,1,0,0
BRDA:65,2,0,1
BRDA:65,2,1,6
BRDA:65,3,0,0
BRDA:65,3,1,6
BRDA:97,4,0,7
BRDA:97,4,1,0
BRDA:111,5,0,1
BRDA:111,5,1,1
BRDA:120,6,0,1
BRDA:120,6,1,0
BRDA:127,7,0,1
BRDA:127,7,1,2
BRDA:127,8,0,3
BRDA:127,8,1,2
BRDA:128,9,0,1
BRDA:128,9,1,2
BRDA:128,10,0,3
BRDA:128,10,1,1
BRDA:136,11,0,19
BRDA:136,11,1,3
BRDA:166,12,0,19
BRDA:166,12,1,3
BRDA:178,13,0,3
BRDA:178,13,1,19
BRDA:189,14,0,22
BRDA:189,14,1,19
BRDA:196,15,0,22
BRDA:196,15,1,3
BRDA:225,16,0,19
BRDA:225,16,1,3
BRDA:234,17,0,19
BRDA:234,17,1,209
BRDA:235,18,0,19
BRDA:235,18,1,209
BRDA:249,19,0,3
BRDA:249,19,1,33
BRDA:250,20,0,3
BRDA:250,20,1,33
BRDA:277,21,0,19
BRDA:277,21,1,3
BRF:42
BRH:37
end_of_record
TN:
SF:src/components/CustomTabBar.tsx
FN:30,(anonymous_0)
FN:41,(anonymous_1)
FN:52,(anonymous_2)
FN:63,(anonymous_3)
FN:74,(anonymous_4)
FN:85,(anonymous_5)
FN:96,(anonymous_6)
FN:129,TabItem
FN:132,(anonymous_8)
FN:135,(anonymous_9)
FN:170,CustomTabBar
FN:181,(anonymous_11)
FN:191,(anonymous_12)
FN:226,(anonymous_13)
FN:237,(anonymous_14)
FNF:15
FNH:10
FNDA:4,(anonymous_0)
FNDA:4,(anonymous_1)
FNDA:0,(anonymous_2)
FNDA:0,(anonymous_3)
FNDA:0,(anonymous_4)
FNDA:0,(anonymous_5)
FNDA:0,(anonymous_6)
FNDA:8,TabItem
FNDA:1,(anonymous_8)
FNDA:1,(anonymous_9)
FNDA:4,CustomTabBar
FNDA:4,(anonymous_11)
FNDA:2,(anonymous_12)
FNDA:8,(anonymous_13)
FNDA:2,(anonymous_14)
DA:26,1
DA:30,1
DA:31,4
DA:41,1
DA:42,4
DA:52,1
DA:53,0
DA:63,1
DA:64,0
DA:74,1
DA:75,0
DA:85,1
DA:86,0
DA:96,1
DA:97,0
DA:107,1
DA:130,8
DA:132,8
DA:133,1
DA:135,8
DA:136,1
DA:139,8
DA:141,8
DA:171,4
DA:172,4
DA:173,4
DA:175,4
DA:176,4
DA:177,4
DA:181,4
DA:182,4
DA:190,4
DA:192,2
DA:193,2
DA:194,2
DA:195,1
DA:201,4
DA:227,8
DA:228,8
DA:229,8
DA:231,8
DA:237,2
DA:248,1
LF:43
LH:38
BRDA:32,0,0,4
BRDA:32,0,1,0
BRDA:33,1,0,4
BRDA:33,1,1,0
BRDA:44,2,0,0
BRDA:44,2,1,4
BRDA:54,3,0,0
BRDA:54,3,1,0
BRDA:55,4,0,0
BRDA:55,4,1,0
BRDA:65,5,0,0
BRDA:65,5,1,0
BRDA:66,6,0,0
BRDA:66,6,1,0
BRDA:76,7,0,0
BRDA:76,7,1,0
BRDA:77,8,0,0
BRDA:77,8,1,0
BRDA:87,9,0,0
BRDA:87,9,1,0
BRDA:88,10,0,0
BRDA:88,10,1,0
BRDA:98,11,0,0
BRDA:98,11,1,0
BRDA:99,12,0,0
BRDA:99,12,1,0
BRDA:152,13,0,8
BRDA:152,13,1,0
BRDA:157,14,0,4
BRDA:157,14,1,4
BRDA:158,15,0,8
BRDA:158,15,1,4
BRDA:194,16,0,1
BRDA:194,16,1,1
BRDA:194,17,0,2
BRDA:194,17,1,2
BRDA:228,18,0,8
BRDA:228,18,1,0
BRF:38
BRH:13
end_of_record
TN:
SF:src/components/DriverLoginModal.tsx
FN:60,DriverLoginModal
FN:67,(anonymous_1)
FN:79,(anonymous_2)
FN:85,(anonymous_3)
FN:92,(anonymous_4)
FN:95,(anonymous_5)
FN:174,(anonymous_6)
FNF:7
FNH:7
FNDA:4,DriverLoginModal
FNDA:4,(anonymous_1)
FNDA:3,(anonymous_2)
FNDA:3,(anonymous_3)
FNDA:1,(anonymous_4)
FNDA:1,(anonymous_5)
FNDA:12,(anonymous_6)
DA:29,1
DA:33,1
DA:61,4
DA:62,4
DA:65,4
DA:67,4
DA:68,4
DA:69,4
DA:79,4
DA:80,3
DA:87,3
DA:88,3
DA:92,4
DA:93,1
DA:94,1
DA:95,1
DA:96,1
DA:100,4
DA:175,12
DA:251,1
LF:20
LH:20
BRDA:68,0,0,4
BRDA:68,0,1,0
BRDA:176,1,0,12
BRDA:176,1,1,8
BRF:4
BRH:3
end_of_record
TN:
SF:src/components/ErrorBoundary.tsx
FN:32,(anonymous_0)
FN:37,(anonymous_1)
FN:41,(anonymous_2)
FN:46,(anonymous_3)
FN:50,(anonymous_4)
FNF:5
FNH:4
FNDA:4,(anonymous_0)
FNDA:2,(anonymous_1)
FNDA:1,(anonymous_2)
FNDA:0,(anonymous_3)
FNDA:6,(anonymous_4)
DA:33,4
DA:34,4
DA:38,2
DA:43,1
DA:46,4
DA:47,0
DA:51,6
DA:52,2
DA:66,4
DA:70,2
LF:10
LH:9
BRDA:51,0,0,2
BRDA:51,0,1,4
BRDA:57,1,0,2
BRDA:57,1,1,0
BRF:4
BRH:3
end_of_record
TN:
SF:src/components/GradientButton.tsx
FN:40,GradientButton
FN:56,(anonymous_1)
FN:60,(anonymous_2)
FN:64,(anonymous_3)
FN:68,(anonymous_4)
FNF:5
FNH:4
FNDA:8,GradientButton
FNDA:1,(anonymous_1)
FNDA:1,(anonymous_2)
FNDA:0,(anonymous_3)
FNDA:2,(anonymous_4)
DA:54,8
DA:56,8
DA:57,1
DA:60,8
DA:61,1
DA:64,8
DA:68,8
DA:69,2
DA:70,2
DA:73,8
DA:75,8
DA:113,2
LF:12
LH:12
BRDA:43,0,0,8
BRDA:44,1,0,7
BRDA:45,2,0,4
BRDA:46,3,0,4
BRDA:47,4,0,8
BRDA:48,5,0,8
BRDA:51,6,0,4
BRDA:73,7,0,8
BRDA:73,7,1,8
BRDA:88,8,0,1
BRDA:88,8,1,7
BRDA:91,9,0,8
BRDA:91,9,1,7
BRDA:95,10,0,1
BRDA:95,10,1,7
BRDA:101,11,0,0
BRDA:101,11,1,7
BRF:17
BRH:16
end_of_record
TN:
SF:src/components/ImageWithFallback.tsx
FN:33,ImageWithFallback
FN:50,(anonymous_1)
FN:91,(anonymous_2)
FN:92,(anonymous_3)
FNF:4
FNH:4
FNDA:6,ImageWithFallback
FNDA:1,(anonymous_1)
FNDA:1,(anonymous_2)
FNDA:1,(anonymous_3)
DA:45,6
DA:46,6
DA:47,6
DA:48,6
DA:50,6
DA:51,1
DA:52,0
DA:54,1
DA:56,1
DA:59,6
DA:91,1
DA:92,1
DA:121,1
LF:13
LH:12
BRDA:39,0,0,6
BRDA:42,1,0,6
BRDA:43,2,0,6
BRDA:51,3,0,0
BRDA:51,3,1,1
BRDA:51,4,0,1
BRDA:51,4,1,0
BRDA:64,5,0,6
BRDA:64,5,1,0
BRDA:65,6,0,6
BRDA:65,6,1,0
BRDA:69,7,0,1
BRDA:69,7,1,5
BRDA:97,8,0,5
BRDA:97,8,1,0
BRDA:98,9,0,5
BRDA:98,9,1,0
BRDA:104,10,0,5
BRDA:104,10,1,4
BRDA:104,10,2,4
BRF:20
BRH:14
end_of_record
TN:
SF:src/components/LiveMap.tsx
FN:73,LiveMap
FN:99,(anonymous_1)
FN:101,(anonymous_2)
FN:121,(anonymous_3)
FN:127,(anonymous_4)
FN:133,(anonymous_5)
FN:139,(anonymous_6)
FN:221,generateCurvedRoute
FNF:8
FNH:5
FNDA:8,LiveMap
FNDA:4,(anonymous_1)
FNDA:4,(anonymous_2)
FNDA:4,(anonymous_3)
FNDA:8,(anonymous_4)
FNDA:0,(anonymous_5)
FNDA:0,(anonymous_6)
FNDA:0,generateCurvedRoute
DA:51,1
DA:52,1
DA:53,1
DA:60,1
DA:82,8
DA:83,8
DA:84,8
DA:88,8
DA:91,8
DA:92,8
DA:93,8
DA:99,8
DA:100,4
DA:101,4
DA:102,4
DA:103,4
DA:104,4
DA:105,3
DA:108,2
DA:109,2
DA:118,4
DA:121,4
DA:122,4
DA:127,8
DA:128,8
DA:129,0
DA:130,0
DA:133,0
DA:134,0
DA:139,0
DA:143,8
DA:148,8
DA:226,0
DA:227,0
DA:228,0
DA:230,0
DA:231,0
DA:232,0
DA:233,0
DA:235,0
DA:236,0
DA:238,0
DA:242,0
DA:245,0
DA:247,0
DA:251,1
LF:46
LH:28
BRDA:74,0,0,8
BRDA:75,1,0,8
BRDA:91,2,0,8
BRDA:91,2,1,8
BRDA:92,3,0,8
BRDA:92,3,1,8
BRDA:93,4,0,8
BRDA:93,4,1,8
BRDA:104,5,0,3
BRDA:104,5,1,1
BRDA:108,6,0,2
BRDA:108,6,1,0
BRDA:118,7,0,4
BRDA:118,7,1,0
BRDA:128,8,0,8
BRDA:128,8,1,0
BRDA:128,9,0,8
BRDA:128,9,1,0
BRDA:130,10,0,0
BRDA:130,10,1,0
BRDA:143,11,0,8
BRDA:143,11,1,8
BRDA:144,12,0,2
BRDA:144,12,1,6
BRDA:150,13,0,4
BRDA:150,13,1,4
BRDA:151,14,0,0
BRDA:151,14,1,4
BRDA:159,15,0,0
BRDA:159,15,1,4
BRDA:164,16,0,0
BRDA:164,16,1,4
BRDA:168,17,0,4
BRDA:168,17,1,0
BRDA:192,18,0,4
BRDA:192,18,1,0
BRDA:207,19,0,4
BRDA:207,19,1,2
BRDA:207,19,2,2
BRDA:224,20,0,0
BRF:40
BRH:28
end_of_record
TN:
SF:src/components/MobileFrame.tsx
FN:22,DeviceStatusBar
FN:72,DevicePreviewWrapper
FNF:2
FNH:2
FNDA:2,DeviceStatusBar
FNDA:1,DevicePreviewWrapper
DA:23,2
DA:25,2
DA:76,1
DA:78,1
DA:86,1
LF:5
LH:5
BRDA:79,0,0,1
BRDA:79,0,1,1
BRF:2
BRH:2
end_of_record
TN:
SF:src/components/MockMap.tsx
FN:31,MockMap
FN:51,(anonymous_1)
FN:65,(anonymous_2)
FN:73,(anonymous_3)
FN:74,(anonymous_4)
FN:75,(anonymous_5)
FN:76,(anonymous_6)
FN:117,(anonymous_7)
FN:126,(anonymous_8)
FN:131,(anonymous_9)
FNF:10
FNH:8
FNDA:3,MockMap
FNDA:3,(anonymous_1)
FNDA:3,(anonymous_2)
FNDA:3,(anonymous_3)
FNDA:0,(anonymous_4)
FNDA:0,(anonymous_5)
FNDA:3,(anonymous_6)
FNDA:21,(anonymous_7)
FNDA:12,(anonymous_8)
FNDA:9,(anonymous_9)
DA:36,3
DA:39,3
DA:40,3
DA:41,3
DA:42,3
DA:43,3
DA:44,3
DA:45,3
DA:48,3
DA:49,3
DA:51,3
DA:52,3
DA:64,3
DA:65,3
DA:70,3
DA:71,3
DA:73,3
DA:74,3
DA:75,3
DA:76,3
DA:77,3
DA:78,3
DA:82,3
DA:118,21
DA:127,12
DA:132,9
DA:219,1
LF:27
LH:27
BRDA:32,0,0,2
BRDA:33,1,0,2
BRDA:39,2,0,0
BRDA:39,2,1,3
BRDA:40,3,0,0
BRDA:40,3,1,3
BRDA:41,4,0,0
BRDA:41,4,1,3
BRDA:42,5,0,0
BRDA:42,5,1,3
BRDA:43,6,0,0
BRDA:43,6,1,3
BRDA:44,7,0,0
BRDA:44,7,1,3
BRDA:45,8,0,0
BRDA:45,8,1,3
BRDA:119,9,0,0
BRDA:119,9,1,21
BRDA:153,10,0,3
BRDA:153,10,1,1
BRDA:173,11,0,3
BRDA:173,11,1,1
BRDA:206,12,0,0
BRDA:206,12,1,3
BRF:24
BRH:15
end_of_record
TN:
SF:src/components/RideDatePicker.tsx
FN:33,isSameDay
FN:41,startOfDay
FN:46,chunk
FN:82,DayCell
FN:89,(anonymous_4)
FN:93,(anonymous_5)
FN:155,QuickChip
FN:165,(anonymous_7)
FN:166,(anonymous_8)
FN:186,RideDatePicker
FN:207,(anonymous_10)
FN:218,(anonymous_11)
FN:224,(anonymous_12)
FN:235,(anonymous_13)
FN:237,(anonymous_14)
FN:238,(anonymous_15)
FN:240,(anonymous_16)
FN:241,(anonymous_17)
FN:242,(anonymous_18)
FN:250,(anonymous_19)
FN:256,(anonymous_20)
FN:264,(anonymous_21)
FN:272,(anonymous_22)
FN:369,(anonymous_23)
FN:378,(anonymous_24)
FN:380,(anonymous_25)
FN:400,(anonymous_26)
FN:416,(anonymous_27)
FN:421,(anonymous_28)
FNF:29
FNH:23
FNDA:406,isSameDay
FNDA:12,startOfDay
FNDA:6,chunk
FNDA:245,DayCell
FNDA:0,(anonymous_4)
FNDA:0,(anonymous_5)
FNDA:36,QuickChip
FNDA:0,(anonymous_7)
FNDA:0,(anonymous_8)
FNDA:6,RideDatePicker
FNDA:4,(anonymous_10)
FNDA:2,(anonymous_11)
FNDA:2,(anonymous_12)
FNDA:1,(anonymous_13)
FNDA:0,(anonymous_14)
FNDA:1,(anonymous_15)
FNDA:1,(anonymous_16)
FNDA:0,(anonymous_17)
FNDA:1,(anonymous_18)
FNDA:185,(anonymous_19)
FNDA:1,(anonymous_20)
FNDA:6,(anonymous_21)
FNDA:36,(anonymous_22)
FNDA:42,(anonymous_23)
FNDA:35,(anonymous_24)
FNDA:245,(anonymous_25)
FNDA:1,(anonymous_26)
FNDA:36,(anonymous_27)
FNDA:1,(anonymous_28)
DA:23,1
DA:27,1
DA:28,1
DA:34,406
DA:42,12
DA:47,6
DA:48,6
DA:49,35
DA:51,6
DA:86,245
DA:87,245
DA:89,185
DA:90,0
DA:91,0
DA:93,185
DA:94,0
DA:97,185
DA:98,185
DA:110,185
DA:159,36
DA:160,36
DA:165,0
DA:166,0
DA:192,6
DA:193,6
DA:194,6
DA:195,6
DA:197,6
DA:200,6
DA:205,6
DA:207,6
DA:208,4
DA:209,4
DA:218,6
DA:219,2
DA:225,2
DA:226,2
DA:232,6
DA:235,6
DA:236,1
DA:237,1
DA:238,1
DA:240,6
DA:241,1
DA:242,1
DA:246,6
DA:247,6
DA:248,6
DA:250,185
DA:252,34
DA:254,6
DA:256,6
DA:257,1
DA:258,1
DA:259,1
DA:260,1
DA:261,1
DA:264,6
DA:265,6
DA:266,6
DA:267,6
DA:268,6
DA:272,6
DA:273,36
DA:274,36
DA:275,36
DA:284,6
DA:370,42
DA:379,35
DA:381,245
DA:382,245
DA:383,245
DA:384,245
DA:385,245
DA:386,245
DA:387,245
DA:388,245
DA:390,245
DA:400,1
DA:417,36
DA:421,1
DA:438,1
LF:82
LH:77
BRDA:35,0,0,406
BRDA:35,0,1,18
BRDA:35,0,2,16
BRDA:87,1,0,60
BRDA:87,1,1,185
BRDA:90,2,0,0
BRDA:90,2,1,0
BRDA:97,3,0,5
BRDA:97,3,1,180
BRDA:97,4,0,5
BRDA:97,4,1,175
BRDA:98,5,0,5
BRDA:98,5,1,180
BRDA:100,6,0,35
BRDA:100,6,1,145
BRDA:102,7,0,5
BRDA:102,7,1,140
BRDA:104,8,0,19
BRDA:104,8,1,121
BRDA:106,9,0,24
BRDA:106,9,1,97
BRDA:122,10,0,185
BRDA:122,10,1,5
BRDA:122,10,2,5
BRDA:132,11,0,185
BRDA:132,11,1,180
BRDA:132,11,2,10
BRDA:171,12,0,6
BRDA:171,12,1,30
BRDA:172,13,0,6
BRDA:172,13,1,30
BRDA:176,14,0,6
BRDA:176,14,1,30
BRDA:198,15,0,6
BRDA:198,15,1,0
BRDA:201,16,0,6
BRDA:201,16,1,0
BRDA:208,17,0,4
BRDA:208,17,1,0
BRDA:232,18,0,6
BRDA:232,18,1,6
BRDA:232,18,2,6
BRDA:236,19,0,0
BRDA:236,19,1,1
BRDA:237,20,0,0
BRDA:237,20,1,1
BRDA:241,21,0,0
BRDA:241,21,1,1
BRDA:257,22,0,0
BRDA:257,22,1,1
BRDA:259,23,0,0
BRDA:259,23,1,1
BRDA:259,24,0,1
BRDA:259,24,1,1
BRDA:266,25,0,0
BRDA:266,25,1,6
BRDA:267,26,0,0
BRDA:267,26,1,6
BRDA:278,27,0,6
BRDA:278,27,1,30
BRDA:279,28,0,6
BRDA:279,28,1,24
BRDA:317,29,0,6
BRDA:317,29,1,6
BRDA:341,30,0,1
BRDA:341,30,1,5
BRDA:342,31,0,6
BRDA:342,31,1,5
BRDA:346,32,0,1
BRDA:346,32,1,5
BRDA:381,33,0,185
BRDA:381,33,1,60
BRDA:382,34,0,185
BRDA:382,34,1,60
BRDA:383,35,0,185
BRDA:383,35,1,60
BRDA:383,36,0,245
BRDA:383,36,1,185
BRDA:384,37,0,185
BRDA:384,37,1,60
BRDA:385,38,0,185
BRDA:385,38,1,60
BRDA:386,39,0,245
BRDA:386,39,1,210
BRDA:387,40,0,185
BRDA:387,40,1,60
BRDA:388,41,0,185
BRDA:388,41,1,60
BRDA:420,42,0,36
BRDA:420,42,1,0
BRF:90
BRH:77
end_of_record
TN:
SF:src/components/RidePoolLogo.tsx
FN:23,RidePoolLogo
FNF:1
FNH:1
FNDA:1,RidePoolLogo
DA:29,1
DA:30,1
DA:32,1
DA:60,1
LF:4
LH:4
BRDA:24,0,0,1
BRDA:25,1,0,1
BRDA:26,2,0,1
BRDA:30,3,0,1
BRDA:30,3,1,1
BRF:5
BRH:5
end_of_record
TN:
SF:src/components/RoleToggle.tsx
FN:18,RoleToggle
FN:29,(anonymous_1)
FN:45,(anonymous_2)
FN:63,(anonymous_3)
FN:81,(anonymous_4)
FNF:5
FNH:5
FNDA:7,RoleToggle
FNDA:7,(anonymous_1)
FNDA:1,(anonymous_2)
FNDA:2,(anonymous_3)
FNDA:2,(anonymous_4)
DA:19,7
DA:20,7
DA:23,7
DA:24,7
DA:25,7
DA:27,7
DA:29,7
DA:30,7
DA:31,1
DA:40,7
DA:45,1
DA:63,2
DA:81,2
DA:101,1
LF:14
LH:14
BRDA:27,0,0,1
BRDA:27,0,1,6
BRDA:30,1,0,1
BRDA:30,1,1,6
BRDA:32,2,0,1
BRDA:32,2,1,0
BRDA:63,3,0,1
BRDA:63,3,1,1
BRDA:64,4,0,5
BRDA:64,4,1,2
BRDA:71,5,0,5
BRDA:71,5,1,2
BRDA:81,6,0,1
BRDA:81,6,1,1
BRDA:82,7,0,2
BRDA:82,7,1,5
BRDA:89,8,0,2
BRDA:89,8,1,5
BRF:18
BRH:17
end_of_record
TN:
SF:src/components/ScreenWrapper.tsx
FN:29,ScreenWrapper
FNF:1
FNH:1
FNDA:1,ScreenWrapper
DA:37,1
DA:60,1
DA:71,1
LF:3
LH:3
BRDA:31,0,0,1
BRDA:32,1,0,1
BRDA:34,2,0,1
BRDA:35,3,0,1
BRDA:37,4,0,0
BRDA:37,4,1,1
BRDA:43,5,0,0
BRDA:43,5,1,0
BRDA:54,6,0,1
BRDA:54,6,1,1
BRF:10
BRH:7
end_of_record
TN:
SF:src/theme/fonts.ts
FN:75,getFontFamily
FNF:1
FNH:0
FNDA:0,getFontFamily
DA:58,1
DA:76,0
DA:77,0
DA:78,0
DA:79,0
DA:80,0
DA:81,0
DA:82,0
LF:8
LH:1
BRDA:76,0,0,0
BRDA:76,0,1,0
BRDA:76,0,2,0
BRDA:76,0,3,0
BRDA:76,0,4,0
BRDA:76,0,5,0
BRF:6
BRH:0
end_of_record
TN:
SF:src/theme/index.ts
FN:364,(anonymous_0)
FNF:1
FNH:1
FNDA:14,(anonymous_0)
DA:65,10
DA:103,10
DA:150,10
DA:202,10
DA:233,10
DA:275,10
DA:309,10
DA:327,10
DA:342,10
DA:364,14
DA:375,10
DA:403,10
LF:12
LH:12
BRF:0
BRH:0
end_of_record
TN:
SF:src/utils/logger.ts
FN:23,(anonymous_0)
FN:28,(anonymous_1)
FN:34,(anonymous_2)
FN:40,(anonymous_3)
FN:46,(anonymous_4)
FN:52,(anonymous_5)
FN:58,(anonymous_6)
FNF:7
FNH:4
FNDA:1,(anonymous_0)
FNDA:1,(anonymous_1)
FNDA:1,(anonymous_2)
FNDA:0,(anonymous_3)
FNDA:1,(anonymous_4)
FNDA:0,(anonymous_5)
FNDA:0,(anonymous_6)
DA:12,1
DA:24,1
DA:25,1
DA:30,1
DA:31,1
DA:35,1
DA:36,1
DA:37,1
DA:41,0
DA:42,0
DA:47,1
DA:48,1
DA:53,0
DA:54,0
DA:59,0
DA:60,0
DA:65,1
LF:17
LH:11
BRDA:25,0,0,1
BRDA:25,0,1,0
BRDA:30,1,0,0
BRDA:30,1,1,1
BRDA:30,2,0,1
BRDA:30,2,1,0
BRDA:37,3,0,0
BRDA:37,3,1,1
BRDA:41,4,0,0
BRDA:41,4,1,0
BRDA:47,5,0,1
BRDA:47,5,1,0
BRDA:53,6,0,0
BRDA:53,6,1,0
BRDA:59,7,0,0
BRDA:59,7,1,0
BRF:16
BRH:5
end_of_record
